# 
# 
000000000;4205057516;0;EFI; 
000000000;4205057516;1;Voltage;V
000000000;4205057516;2;Current;A
000000000;4205057516;3;Revolution;RPM
000000000;4205057516;4;U BEC;V
000000000;4205057516;5;PWM;%
000000000;4205057516;7;Run Time;s
000000000;4205057516;8;Temperature;°C
000000000;4205057516;9;Temp.1;°C
000000000;4205057516;10;Temp.2;°C
000000000;4205057516;11;Temp.3;°C
000000000;4205057516;12;Temp.4;°C
000000000;4205057516;13;Temp.5;°C
000000000;4205057516;14;Inj.Time;us
000000000;4205057516;15;FuelPress;Bar
000000000;4205057516;16;FuelPump;%
000000000;4205057516;17;FuelConsum;l/h
000000000;4205057516;18;L.Setpoint;AFR
000000000;4205057516;19;L.Value;AFR
000000000;4205057516;20;L.Correct;%
000000000;4205057516;21;Rel. altit;m
000000000;4205057516;22;Air press.;hPa
000000032;4205057516;15;1;1;0;16;1;0;0;17;1;2;0;18;1;2;0;19;1;2;0
000000111;4205057516;3;1;0;0;5;1;0;0;14;1;0;2300;21;4;1;-1;22;4;1;10089
000000152;4205057516;1;1;2;1181;2;1;2;3;3;1;0;0;4;1;2;620;5;1;0;0;14;1;0;2300
000000191;4205057516;8;1;0;31;9;1;0;31;10;1;0;31;11;1;0;31;12;1;0;31;13;1;0;31
000000231;4205057516;3;1;0;0;5;1;0;0;7;5;0;407316;14;1;0;2300;20;1;0;0
000000312;4205057516;15;1;1;0;16;1;0;0;17;1;2;0;18;1;2;0;19;1;2;0
000000352;4205057516;3;1;0;0;5;1;0;0;14;1;0;2300;21;4;1;-1;22;4;1;10089
000000392;4205057516;1;1;2;1180;2;1;2;4;3;1;0;0;4;1;2;620;5;1;0;0;14;1;0;2300
000000472;4205057516;8;1;0;31;9;1;0;31;10;1;0;31;11;1;0;31;12;1;0;31;13;1;0;31
000000511;4205057516;3;1;0;0;5;1;0;0;7;5;0;407316;14;1;0;2300;20;1;0;0
000000551;4205057516;15;1;1;0;16;1;0;0;17;1;2;0;18;1;2;0;19;1;2;0
000000651;4205057516;3;1;0;0;5;1;0;0;14;1;0;2300;21;4;1;0;22;4;1;10089
000000672;4205057516;1;1;2;1180;2;1;2;3;3;1;0;0;4;1;2;620;5;1;0;0;14;1;0;2300
000000712;4205057516;8;1;0;31;9;1;0;31;10;1;0;31;11;1;0;31;12;1;0;31;13;1;0;31
000000752;4205057516;3;1;0;0;5;1;0;0;7;5;0;407316;14;1;0;2300;20;1;0;0
000000832;4205057516;15;1;1;0;16;1;0;0;17;1;2;0;18;1;2;0;19;1;2;0
000000872;4205057516;3;1;0;0;5;1;0;0;14;1;0;2300;21;4;1;-1;22;4;1;10089
000000912;4205057516;1;1;2;1180;2;1;2;3;3;1;0;0;4;1;2;620;5;1;0;0;14;1;0;2300
000000992;4205057516;8;1;0;31;9;1;0;31;10;1;0;31;11;1;0;31;12;1;0;31;13;1;0;31
000001072;4205057516;3;1;0;0;5;1;0;0;7;5;0;407316;14;1;0;2300;20;1;0;0
000001151;4205057516;15;1;1;0;16;1;0;0;17;1;2;0;18;1;2;0;19;1;2;0
000001192;4205057516;3;1;0;0;5;1;0;0;14;1;0;2300;21;4;1;-1;22;4;1;10088
000001232;4205057516;1;1;2;1181;2;1;2;4;3;1;0;0;4;1;2;620;5;1;0;0;14;1;0;2300
000001312;4205057516;8;1;0;31;9;1;0;31;10;1;0;31;11;1;0;31;12;1;0;31;13;1;0;31
000001352;4205057516;3;1;0;0;5;1;0;0;7;5;0;407316;14;1;0;2300;20;1;0;0
000001392;4205057516;15;1;1;0;16;1;0;0;17;1;2;0;18;1;2;0;19;1;2;0
000001432;4205057516;3;1;0;0;5;1;0;0;14;1;0;2300;21;4;1;-1;22;4;1;10089
000001512;4205057516;1;1;2;1181;2;1;2;4;3;1;0;0;4;1;2;620;5;1;0;0;14;1;0;2300
000001572;4205057516;8;1;0;31;9;1;0;31;10;1;0;31;11;1;0;31;12;1;0;31;13;1;0;31
000001592;4205057516;3;1;0;0;5;1;0;0;7;5;0;407316;14;1;0;2300;20;1;0;0
000001672;4205057516;15;1;1;0;16;1;0;0;17;1;2;0;18;1;2;0;19;1;2;0
000001712;4205057516;3;1;0;0;5;1;0;0;14;1;0;2300;21;4;1;-1;22;4;1;10088
000001751;4205057516;1;1;2;1181;2;1;2;3;3;1;0;0;4;1;2;620;5;1;0;0;14;1;0;2300
000001832;4205057516;8;1;0;31;9;1;0;31;10;1;0;31;11;1;0;31;12;1;0;31;13;1;0;31
000001872;4205057516;3;1;0;0;5;1;0;0;7;5;0;407316;14;1;0;2300;20;1;0;0
000001912;4205057516;15;1;1;0;16;1;0;0;17;1;2;0;18;1;2;0;19;1;2;0
000001952;4205057516;3;1;0;0;5;1;0;0;14;1;0;2300;21;4;1;-1;22;4;1;10088
000002032;4205057516;1;1;2;1181;2;1;2;4;3;1;0;0;4;1;2;620;5;1;0;0;14;1;0;2300
000002072;4205057516;8;1;0;31;9;1;0;31;10;1;0;31;11;1;0;31;12;1;0;31;13;1;0;31
000002112;4205057516;3;1;0;0;5;1;0;0;7;5;0;407316;14;1;0;2300;20;1;0;0
000002191;4205057516;15;1;1;0;16;1;0;0;17;1;2;0;18;1;2;0;19;1;2;0
000002232;4205057516;3;1;0;0;5;1;0;0;14;1;0;2300;21;4;1;0;22;4;1;10088
000002272;4205057516;1;1;2;1180;2;1;2;4;3;1;0;0;4;1;2;620;5;1;0;0;14;1;0;2300
000002352;4205057516;8;1;0;31;9;1;0;31;10;1;0;31;11;1;0;31;12;1;0;31;13;1;0;31
000002411;4205057516;3;1;0;0;5;1;0;0;7;5;0;407316;14;1;0;2300;20;1;0;0
000002432;4205057516;15;1;1;0;16;1;0;0;17;1;2;0;18;1;2;0;19;1;2;0
000002472;4205057516;3;1;0;0;5;1;0;0;14;1;0;2300;21;4;1;0;22;4;1;10088
000002551;4205057516;1;1;2;1181;2;1;2;4;3;1;0;0;4;1;2;620;5;1;0;0;14;1;0;2300
000002632;4205057516;8;1;0;31;9;1;0;31;10;1;0;31;11;1;0;31;12;1;0;31;13;1;0;31
000002711;4205057516;3;1;0;0;5;1;0;0;7;5;0;407316;14;1;0;2300;20;1;0;0
000002751;4205057516;15;1;1;0;16;1;0;0;17;1;2;0;18;1;2;0;19;1;2;0
000002793;4205057516;3;1;0;0;5;1;0;0;14;1;0;2300;21;4;1;0;22;4;1;10088
000002872;4205057516;1;1;2;1180;2;1;2;4;3;1;0;0;4;1;2;620;5;1;0;0;14;1;0;2300
000002912;4205057516;8;1;0;31;9;1;0;31;10;1;0;31;11;1;0;31;12;1;0;31;13;1;0;31
000002951;4205057516;3;1;0;0;5;1;0;0;7;5;0;407316;14;1;0;2300;20;1;0;0
000002992;4205057516;15;1;1;0;16;1;0;0;17;1;2;0;18;1;2;0;19;1;2;0
000003072;4205057516;3;1;0;0;5;1;0;0;14;1;0;2300;21;4;1;0;22;4;1;10088
000003112;4205057516;1;1;2;1181;2;1;2;4;3;1;0;0;4;1;2;620;5;1;0;0;14;1;0;2300
000003172;4205057516;8;1;0;31;9;1;0;31;10;1;0;31;11;1;0;31;12;1;0;31;13;1;0;31
000003231;4205057516;3;1;0;0;5;1;0;0;7;5;0;407316;14;1;0;2300;20;1;0;0
000003272;4205057516;15;1;1;0;16;1;0;0;17;1;2;0;18;1;2;0;19;1;2;0
000003312;4205057516;3;1;0;0;5;1;0;0;14;1;0;2300;21;4;1;-1;22;4;1;10089
000003392;4205057516;1;1;2;1181;2;1;2;4;3;1;0;0;4;1;2;620;5;1;0;0;14;1;0;2300
000003432;4205057516;8;1;0;31;9;1;0;31;10;1;0;31;11;1;0;31;12;1;0;31;13;1;0;31
000003472;4205057516;3;1;0;0;5;1;0;0;7;5;0;407316;14;1;0;2300;20;1;0;0
000003512;4205057516;15;1;1;0;16;1;0;0;17;1;2;0;18;1;2;0;19;1;2;0
000003592;4205057516;3;1;0;0;5;1;0;0;14;1;0;2300;21;4;1;0;22;4;1;10088
000003632;4205057516;1;1;2;1180;2;1;2;4;3;1;0;0;4;1;2;620;5;1;0;0;14;1;0;2300
000003672;4205057516;8;1;0;31;9;1;0;31;10;1;0;31;11;1;0;31;12;1;0;31;13;1;0;31
000003752;4205057516;3;1;0;0;5;1;0;0;7;5;0;407316;14;1;0;2300;20;1;0;0
000003792;4205057516;15;1;1;0;16;1;0;0;17;1;2;0;18;1;2;0;19;1;2;0
000003832;4205057516;3;1;0;0;5;1;0;0;14;1;0;2300;21;4;1;0;22;4;1;10088
000003911;4205057516;1;1;2;1181;2;1;2;3;3;1;0;0;4;1;2;620;5;1;0;0;14;1;0;2300
000003952;4205057516;8;1;0;31;9;1;0;31;10;1;0;31;11;1;0;31;12;1;0;31;13;1;0;31
000003991;4205057516;3;1;0;0;5;1;0;0;7;5;0;407316;14;1;0;2300;20;1;0;0
000004032;4205057516;15;1;1;0;16;1;0;0;17;1;2;0;18;1;2;0;19;1;2;0
000004111;4205057516;3;1;0;0;5;1;0;0;14;1;0;2300;21;4;1;0;22;4;1;10088
000004192;4205057516;1;1;2;1181;2;1;2;4;3;1;0;0;4;1;2;620;5;1;0;0;14;1;0;2300
000004272;4205057516;8;1;0;31;9;1;0;31;10;1;0;31;11;1;0;31;12;1;0;31;13;1;0;31
000004312;4205057516;3;1;0;0;5;1;0;0;7;5;0;407316;14;1;0;2300;20;1;0;0
000004352;4205057516;15;1;1;0;16;1;0;0;17;1;2;0;18;1;2;0;19;1;2;0
000004432;4205057516;3;1;0;0;5;1;0;0;14;1;0;2300;21;4;1;0;22;4;1;10088
000004471;4205057516;1;1;2;1180;2;1;2;3;3;1;0;0;4;1;2;620;5;1;0;0;14;1;0;2300
000004512;4205057516;8;1;0;31;9;1;0;31;10;1;0;31;11;1;0;31;12;1;0;31;13;1;0;31
000004552;4205057516;3;1;0;0;5;1;0;0;7;5;0;407316;14;1;0;2300;20;1;0;0
000004632;4205057516;15;1;1;0;16;1;0;0;17;1;2;0;18;1;2;0;19;1;2;0
000004692;4205057516;3;1;0;0;5;1;0;0;14;1;0;2300;21;4;1;0;22;4;1;10088
000004712;4205057516;1;1;2;1180;2;1;2;3;3;1;0;0;4;1;2;620;5;1;0;0;14;1;0;2300
000004792;4205057516;8;1;0;31;9;1;0;31;10;1;0;31;11;1;0;31;12;1;0;31;13;1;0;31
000004832;4205057516;3;1;0;0;5;1;0;0;7;5;0;407316;14;1;0;2300;20;1;0;0
000004872;4205057516;15;1;1;0;16;1;0;0;17;1;2;0;18;1;2;0;19;1;2;0
000004952;4205057516;3;1;0;0;5;1;0;0;14;1;0;2300;21;4;1;0;22;4;1;10089
000004992;4205057516;1;1;2;1181;2;1;2;4;3;1;0;0;4;1;2;620;5;1;0;0;14;1;0;2300
000005032;4205057516;8;1;0;31;9;1;0;31;10;1;0;31;11;1;0;31;12;1;0;31;13;1;0;31
000005112;4205057516;3;1;0;0;5;1;0;0;7;5;0;407316;14;1;0;2300;20;1;0;0
000005152;4205057516;15;1;1;0;16;1;0;0;17;1;2;0;18;1;2;0;19;1;2;0
000005192;4205057516;3;1;0;0;5;1;0;0;14;1;0;2300;21;4;1;-1;22;4;1;10088
000005232;4205057516;1;1;2;1181;2;1;2;4;3;1;0;0;4;1;2;620;5;1;0;0;14;1;0;2300
000005312;4205057516;8;1;0;31;9;1;0;31;10;1;0;31;11;1;0;31;12;1;0;31;13;1;0;31
000005352;4205057516;3;1;0;0;5;1;0;0;7;5;0;407316;14;1;0;2300;20;1;0;0
000005391;4205057516;15;1;1;0;16;1;0;0;17;1;2;0;18;1;2;0;19;1;2;0
000005472;4205057516;3;1;0;0;5;1;0;0;14;1;0;2300;21;4;1;-1;22;4;1;10088
000005511;4205057516;1;1;2;1181;2;1;2;4;3;1;0;0;4;1;2;620;5;1;0;0;14;1;0;2300
000005572;4205057516;8;1;0;31;9;1;0;31;10;1;0;31;11;1;0;31;12;1;0;31;13;1;0;31
000005632;4205057516;3;1;0;0;5;1;0;0;7;5;0;407316;14;1;0;2300;20;1;0;0
000005672;4205057516;15;1;1;0;16;1;0;0;17;1;2;0;18;1;2;0;19;1;2;0
000005751;4205057516;3;1;0;0;5;1;0;0;14;1;0;2300;21;4;1;0;22;4;1;10088
000005832;4205057516;1;1;2;1180;2;1;2;4;3;1;0;0;4;1;2;620;5;1;0;0;14;1;0;2300
000005872;4205057516;8;1;0;31;9;1;0;31;10;1;0;31;11;1;0;31;12;1;0;31;13;1;0;31
000005911;4205057516;3;1;0;0;5;1;0;0;7;5;0;407316;14;1;0;2300;20;1;0;0
000005992;4205057516;15;1;1;0;16;1;0;0;17;1;2;0;18;1;2;0;19;1;2;0
000006032;4205057516;3;1;0;0;5;1;0;0;14;1;0;2300;21;4;1;0;22;4;1;10088
000006071;4205057516;1;1;2;1181;2;1;2;4;3;1;0;0;4;1;2;620;5;1;0;0;14;1;0;2300
000006151;4205057516;8;1;0;31;9;1;0;31;10;1;0;31;11;1;0;31;12;1;0;31;13;1;0;31
000006191;4205057516;3;1;0;0;5;1;0;0;7;5;0;407316;14;1;0;2300;20;1;0;0
000006232;4205057516;15;1;1;0;16;1;0;0;17;1;2;0;18;1;2;0;19;1;2;0
000006272;4205057516;3;1;0;0;5;1;0;0;14;1;0;2300;21;4;1;0;22;4;1;10089
000006352;4205057516;1;1;2;1181;2;1;2;3;3;1;0;0;4;1;2;620;5;1;0;0;14;1;0;2300
000006392;4205057516;8;1;0;31;9;1;0;31;10;1;0;31;11;1;0;31;12;1;0;31;13;1;0;31
000006432;4205057516;3;1;0;0;5;1;0;0;7;5;0;407316;14;1;0;2300;20;1;0;0
000006512;4205057516;15;1;1;0;16;1;0;0;17;1;2;0;18;1;2;0;19;1;2;0
000006571;4205057516;3;1;0;0;5;1;0;0;14;1;0;2300;21;4;1;-1;22;4;1;10089
000006592;4205057516;1;1;2;1181;2;1;2;3;3;1;0;0;4;1;2;620;5;1;0;0;14;1;0;2300
000006672;4205057516;8;1;0;31;9;1;0;31;10;1;0;31;11;1;0;31;12;1;0;31;13;1;0;31
000006712;4205057516;3;1;0;0;5;1;0;0;7;5;0;407316;14;1;0;2300;20;1;0;0
000006752;4205057516;15;1;1;0;16;1;0;0;17;1;2;0;18;1;2;0;19;1;2;0
000006792;4205057516;3;1;0;0;5;1;0;0;14;1;0;2300;21;4;1;-1;22;4;1;10088
000006872;4205057516;1;1;2;1181;2;1;2;3;3;1;0;0;4;1;2;620;5;1;0;0;14;1;0;2300
000006912;4205057516;8;1;0;31;9;1;0;31;10;1;0;31;11;1;0;31;12;1;0;31;13;1;0;31
000006952;4205057516;3;1;0;0;5;1;0;0;7;5;0;407316;14;1;0;2300;20;1;0;0
000007032;4205057516;15;1;1;0;16;1;0;0;17;1;2;0;18;1;2;0;19;1;2;0
000007072;4205057516;3;1;0;0;5;1;0;0;14;1;0;2300;21;4;1;-1;22;4;1;10088
000007112;4205057516;1;1;2;1181;2;1;2;4;3;1;0;0;4;1;2;620;5;1;0;0;14;1;0;2300
000007192;4205057516;8;1;0;31;9;1;0;31;10;1;0;31;11;1;0;31;12;1;0;31;13;1;0;31
000007252;4205057516;3;1;0;0;5;1;0;0;7;5;0;407316;14;1;0;2300;20;1;0;0
000007311;4205057516;15;1;1;0;16;1;0;0;17;1;2;0;18;1;2;0;19;1;2;0
000007392;4205057516;3;1;0;0;5;1;0;0;14;1;0;2300;21;4;1;-1;22;4;1;10089
000007432;4205057516;1;1;2;1180;2;1;2;4;3;1;0;0;4;1;2;620;5;1;0;0;14;1;0;2300
000007472;4205057516;8;1;0;31;9;1;0;31;10;1;0;31;11;1;0;31;12;1;0;31;13;1;0;31
000007552;4205057516;3;1;0;0;5;1;0;0;7;5;0;407316;14;1;0;2300;20;1;0;0
000007592;4205057516;15;1;1;0;16;1;0;0;17;1;2;0;18;1;2;0;19;1;2;0
000007632;4205057516;3;1;0;0;5;1;0;0;14;1;0;2300;21;4;1;0;22;4;1;10088
000007711;4205057516;1;1;2;1181;2;1;2;4;3;1;0;0;4;1;2;620;5;1;0;0;14;1;0;2300
000007752;4205057516;8;1;0;31;9;1;0;31;10;1;0;31;11;1;0;31;12;1;0;31;13;1;0;31
000007792;4205057516;3;1;0;0;5;1;0;0;7;5;0;407316;14;1;0;2300;20;1;0;0
000007832;4205057516;15;1;1;0;16;1;0;0;17;1;2;0;18;1;2;0;19;1;2;0
000007911;4205057516;3;1;0;0;5;1;0;0;14;1;0;2300;21;4;1;0;22;4;1;10088
000007972;4205057516;1;1;2;1180;2;1;2;3;3;1;0;0;4;1;2;620;5;1;0;0;14;1;0;2300
000007992;4205057516;8;1;0;31;9;1;0;31;10;1;0;31;11;1;0;31;12;1;0;31;13;1;0;31
000008072;4205057516;3;1;0;0;5;1;0;0;7;5;0;407316;14;1;0;2300;20;1;0;0
000008112;4205057516;15;1;1;0;16;1;0;0;17;1;2;0;18;1;2;0;19;1;2;0
000008152;4205057516;3;1;0;0;5;1;0;0;14;1;0;2300;21;4;1;0;22;4;1;10088
000008232;4205057516;1;1;2;1181;2;1;2;4;3;1;0;0;4;1;2;620;5;1;0;0;14;1;0;2300
000008272;4205057516;8;1;0;31;9;1;0;31;10;1;0;31;11;1;0;31;12;1;0;31;13;1;0;31
000008312;4205057516;3;1;0;0;5;1;0;0;7;5;0;407316;14;1;0;2300;20;1;0;0
000008352;4205057516;15;1;1;0;16;1;0;0;17;1;2;0;18;1;2;0;19;1;2;0
000008432;4205057516;3;1;0;0;5;1;0;0;14;1;0;2300;21;4;1;0;22;4;1;10088
000008471;4205057516;1;1;2;1180;2;1;2;4;3;1;0;0;4;1;2;620;5;1;0;0;14;1;0;2300
000008512;4205057516;8;1;0;31;9;1;0;31;10;1;0;31;11;1;0;31;12;1;0;31;13;1;0;31
000008591;4205057516;3;1;0;0;5;1;0;0;7;5;0;407316;14;1;0;2300;20;1;0;0
000008632;4205057516;15;1;1;0;16;1;0;0;17;1;2;0;18;1;2;0;19;1;2;0
000008672;4205057516;3;1;0;0;5;1;0;0;14;1;0;2300;21;4;1;-1;22;4;1;10088
000008752;4205057516;1;1;2;1181;2;1;2;4;3;1;0;0;4;1;2;620;5;1;0;0;14;1;0;2300
000008792;4205057516;8;1;0;31;9;1;0;31;10;1;0;31;11;1;0;31;12;1;0;31;13;1;0;31
000008871;4205057516;3;1;0;0;5;1;0;0;7;5;0;407316;14;1;0;2300;20;1;0;0
000008952;4205057516;15;1;1;0;16;1;0;0;17;1;2;0;18;1;2;0;19;1;2;0
000008992;4205057516;3;1;0;0;5;1;0;0;14;1;0;2300;21;4;1;0;22;4;1;10088
000009032;4205057516;1;1;2;1181;2;1;2;4;3;1;0;0;4;1;2;620;5;1;0;0;14;1;0;2300
000009112;4205057516;8;1;0;31;9;1;0;31;10;1;0;31;11;1;0;31;12;1;0;31;13;1;0;31
000009152;4205057516;3;1;0;0;5;1;0;0;7;5;0;407316;14;1;0;2300;20;1;0;0
000009192;4205057516;15;1;1;0;16;1;0;0;17;1;2;0;18;1;2;0;19;1;2;0
000009273;4205057516;3;1;0;0;5;1;0;0;14;1;0;2300;21;4;1;0;22;4;1;10089
000009311;4205057516;1;1;2;1181;2;1;2;3;3;1;0;0;4;1;2;620;5;1;0;0;14;1;0;2300
000009352;4205057516;8;1;0;31;9;1;0;31;10;1;0;31;11;1;0;31;12;1;0;31;13;1;0;31
000009392;4205057516;3;1;0;0;5;1;0;0;7;5;0;407316;14;1;0;2300;20;1;0;0
000009471;4205057516;15;1;1;0;16;1;0;0;17;1;2;0;18;1;2;0;19;1;2;0
000009512;4205057516;3;1;0;0;5;1;0;0;14;1;0;2300;21;4;1;0;22;4;1;10088
000009552;4205057516;1;1;2;1180;2;1;2;4;3;1;0;0;4;1;2;620;5;1;0;0;14;1;0;2300
000009631;4205057516;8;1;0;31;9;1;0;31;10;1;0;31;11;1;0;31;12;1;0;31;13;1;0;31
000009671;4205057516;3;1;0;0;5;1;0;0;7;5;0;407316;14;1;0;2300;20;1;0;0
000009712;4205057516;15;1;1;0;16;1;0;0;17;1;2;0;18;1;2;0;19;1;2;0
000009792;4205057516;3;1;0;0;5;1;0;0;14;1;0;2300;21;4;1;0;22;4;1;10089
000009852;4205057516;1;1;2;1180;2;1;2;3;3;1;0;0;4;1;2;620;5;1;0;0;14;1;0;2300
000009871;4205057516;8;1;0;31;9;1;0;31;10;1;0;31;11;1;0;31;12;1;0;31;13;1;0;31
000009911;4205057516;3;1;0;0;5;1;0;0;7;5;0;407316;14;1;0;2300;20;1;0;0
000009992;4205057516;15;1;1;0;16;1;0;0;17;1;2;0;18;1;2;0;19;1;2;0
000010032;4205057516;3;1;0;0;5;1;0;0;14;1;0;2300;21;4;1;0;22;4;1;10088
000010072;4205057516;1;1;2;1180;2;1;2;4;3;1;0;0;4;1;2;620;5;1;0;0;14;1;0;2300
000010152;4205057516;8;1;0;31;9;1;0;31;10;1;0;31;11;1;0;31;12;1;0;31;13;1;0;31
000010192;4205057516;3;1;0;0;5;1;0;0;7;5;0;407316;14;1;0;2300;20;1;0;0
000010232;4205057516;15;1;1;0;16;1;0;0;17;1;2;0;18;1;2;0;19;1;2;0
000010312;4205057516;3;1;0;0;5;1;0;0;14;1;0;2300;21;4;1;0;22;4;1;10088
000010352;4205057516;1;1;2;1181;2;1;2;3;3;1;0;0;4;1;2;620;5;1;0;0;14;1;0;2300
000010431;4205057516;8;1;0;31;9;1;0;31;10;1;0;31;11;1;0;31;12;1;0;31;13;1;0;31
000010512;4205057516;3;1;0;0;5;1;0;0;7;5;0;407316;14;1;0;2300;20;1;0;0
000010552;4205057516;15;1;1;0;16;1;0;0;17;1;2;0;18;1;2;0;19;1;2;0
000010592;4205057516;3;1;0;0;5;1;0;0;14;1;0;2300;21;4;1;0;22;4;1;10088
000010651;4205057516;1;1;2;1180;2;1;2;3;3;1;0;0;4;1;2;620;5;1;0;0;14;1;0;2300
000010712;4205057516;8;1;0;31;9;1;0;31;10;1;0;31;11;1;0;31;12;1;0;31;13;1;0;31
000010752;4205057516;3;1;0;0;5;1;0;0;7;5;0;407316;14;1;0;2300;20;1;0;0
000010832;4205057516;15;1;1;0;16;1;0;0;17;1;2;0;18;1;2;0;19;1;2;0
000010871;4205057516;3;1;0;0;5;1;0;0;14;1;0;2300;21;4;1;0;22;4;1;10088
000010912;4205057516;1;1;2;1181;2;1;2;3;3;1;0;0;4;1;2;620;5;1;0;0;14;1;0;2300
000010952;4205057516;8;1;0;31;9;1;0;31;10;1;0;31;11;1;0;31;12;1;0;31;13;1;0;31
000011032;4205057516;3;1;0;0;5;1;0;0;7;5;0;407316;14;1;0;2300;20;1;0;0
000011072;4205057516;15;1;1;0;16;1;0;0;17;1;2;0;18;1;2;0;19;1;2;0
000011112;4205057516;3;1;0;0;5;1;0;0;14;1;0;2300;21;4;1;0;22;4;1;10088
000011192;4205057516;1;1;2;1181;2;1;2;4;3;1;0;0;4;1;2;620;5;1;0;0;14;1;0;2300
000011232;4205057516;8;1;0;31;9;1;0;31;10;1;0;31;11;1;0;31;12;1;0;31;13;1;0;31
000011271;4205057516;3;1;0;0;5;1;0;0;7;5;0;407316;14;1;0;2300;20;1;0;0
000011352;4205057516;15;1;1;0;16;1;0;0;17;1;2;0;18;1;2;0;19;1;2;0
000011391;4205057516;3;1;0;0;5;1;0;0;14;1;0;2300;21;4;1;0;22;4;1;10088
000011432;4205057516;1;1;2;1181;2;1;2;5;3;1;0;0;4;1;2;620;5;1;0;0;14;1;0;2300
000011471;4205057516;8;1;0;31;9;1;0;31;10;1;0;31;11;1;0;31;12;1;0;31;13;1;0;31
000011552;4205057516;3;1;0;0;5;1;0;0;7;5;0;407316;14;1;0;2300;20;1;0;0
000011592;4205057516;15;1;1;0;16;1;0;0;17;1;2;0;18;1;2;0;19;1;2;0
000011632;4205057516;3;1;0;0;5;1;0;0;14;1;0;2300;21;4;1;0;22;4;1;10088
000011712;4205057516;1;1;2;1180;2;1;2;3;3;1;0;0;4;1;2;620;5;1;0;0;14;1;0;2300
000011752;4205057516;8;1;0;31;9;1;0;31;10;1;0;31;11;1;0;31;12;1;0;31;13;1;0;31
000011792;4205057516;3;1;0;0;5;1;0;0;7;5;0;407316;14;1;0;2300;20;1;0;0
000011872;4205057516;15;1;1;0;16;1;0;0;17;1;2;0;18;1;2;0;19;1;2;0
000011911;4205057516;3;1;0;0;5;1;0;0;14;1;0;2300;21;4;1;0;22;4;1;10088
000011992;4205057516;1;1;2;1180;2;1;2;4;3;1;0;0;4;1;2;620;5;1;0;0;14;1;0;2300
000012092;4205057516;8;1;0;31;9;1;0;31;10;1;0;31;11;1;0;31;12;1;0;31;13;1;0;31
000012111;4205057516;3;1;0;0;5;1;0;0;7;5;0;407316;14;1;0;2300;20;1;0;0
000012151;4205057516;15;1;1;0;16;1;0;0;17;1;2;0;18;1;2;0;19;1;2;0
000012232;4205057516;3;1;0;0;5;1;0;0;14;1;0;2300;21;4;1;0;22;4;1;10088
000012272;4205057516;1;1;2;1181;2;1;2;4;3;1;0;0;4;1;2;620;5;1;0;0;14;1;0;2300
000012312;4205057516;8;1;0;31;9;1;0;31;10;1;0;31;11;1;0;31;12;1;0;31;13;1;0;31
000012392;4205057516;3;1;0;0;5;1;0;0;7;5;0;407316;14;1;0;2300;20;1;0;0
000012431;4205057516;15;1;1;0;16;1;0;0;17;1;2;0;18;1;2;0;19;1;2;0
000012472;4205057516;3;1;0;0;5;1;0;0;14;1;0;2300;21;4;1;0;22;4;1;10088
000012512;4205057516;1;1;2;1180;2;1;2;4;3;1;0;0;4;1;2;620;5;1;0;0;14;1;0;2300
000012592;4205057516;8;1;0;31;9;1;0;31;10;1;0;31;11;1;0;31;12;1;0;31;13;1;0;31
000012632;4205057516;3;1;0;0;5;1;0;0;7;5;0;407316;14;1;0;2300;20;1;0;0
000012672;4205057516;15;1;1;0;16;1;0;0;17;1;2;0;18;1;2;0;19;1;2;0
000012771;4205057516;3;1;0;0;5;1;0;0;14;1;0;2300;21;4;1;0;22;4;1;10088
000012791;4205057516;1;1;2;1181;2;1;2;4;3;1;0;0;4;1;2;620;5;1;0;0;14;1;0;2300
000012832;4205057516;8;1;0;31;9;1;0;31;10;1;0;31;11;1;0;31;12;1;0;31;13;1;0;31
000012912;4205057516;3;1;0;0;5;1;0;0;7;5;0;407316;14;1;0;2300;20;1;0;0
000012951;4205057516;15;1;1;0;16;1;0;0;17;1;2;0;18;1;2;0;19;1;2;0
000012992;4205057516;3;1;0;0;5;1;0;0;14;1;0;2300;21;4;1;0;22;4;1;10088
000013032;4205057516;1;1;2;1180;2;1;2;4;3;1;0;0;4;1;2;620;5;1;0;0;14;1;0;2300
000013112;4205057516;8;1;0;31;9;1;0;31;10;1;0;31;11;1;0;31;12;1;0;31;13;1;0;31
000013152;4205057516;3;1;0;0;5;1;0;0;7;5;0;407316;14;1;0;2300;20;1;0;0
000013192;4205057516;15;1;1;0;16;1;0;0;17;1;2;0;18;1;2;0;19;1;2;0
000013271;4205057516;3;1;0;0;5;1;0;0;14;1;0;2300;21;4;1;0;22;4;1;10088
000013312;4205057516;1;1;2;1180;2;1;2;4;3;1;0;0;4;1;2;620;5;1;0;0;14;1;0;2300
000013352;4205057516;8;1;0;31;9;1;0;31;10;1;0;31;11;1;0;31;12;1;0;31;13;1;0;31
000013432;4205057516;3;1;0;0;5;1;0;0;7;5;0;407316;14;1;0;2300;20;1;0;0
000013492;4205057516;15;1;1;0;16;1;0;0;17;1;2;0;18;1;2;0;19;1;2;0
000013592;4205057516;3;1;0;0;5;1;0;0;14;1;0;2300;21;4;1;0;22;4;1;10088
000013632;4205057516;1;1;2;1180;2;1;2;4;3;1;0;0;4;1;2;620;5;1;0;0;14;1;0;2300
000013671;4205057516;8;1;0;31;9;1;0;31;10;1;0;31;11;1;0;31;12;1;0;31;13;1;0;31
000013712;4205057516;3;1;0;0;5;1;0;0;7;5;0;407316;14;1;0;2300;20;1;0;0
000013792;4205057516;15;1;1;0;16;1;0;0;17;1;2;0;18;1;2;0;19;1;2;0
000013832;4205057516;3;1;0;0;5;1;0;0;14;1;0;2300;21;4;1;0;22;4;1;10088
000013871;4205057516;1;1;2;1180;2;1;2;4;3;1;0;0;4;1;2;620;5;1;0;0;14;1;0;2300
000013952;4205057516;8;1;0;31;9;1;0;31;10;1;0;31;11;1;0;31;12;1;0;31;13;1;0;31
000013992;4205057516;3;1;0;0;5;1;0;0;7;5;0;407316;14;1;0;2300;20;1;0;0
000014032;4205057516;15;1;1;0;16;1;0;0;17;1;2;0;18;1;2;0;19;1;2;0
000014111;4205057516;3;1;0;0;5;1;0;0;14;1;0;2300;21;4;1;0;22;4;1;10088
000014152;4205057516;1;1;2;1180;2;1;2;4;3;1;0;0;4;1;2;620;5;1;0;0;14;1;0;2300
000014192;4205057516;8;1;0;31;9;1;0;31;10;1;0;31;11;1;0;31;12;1;0;31;13;1;0;31
000014232;4205057516;3;1;0;0;5;1;0;0;7;5;0;407316;14;1;0;2300;20;1;0;0
000014332;4205057516;15;1;1;0;16;1;0;0;17;1;2;0;18;1;2;0;19;1;2;0
000014352;4205057516;3;1;0;0;5;1;0;0;14;1;0;2300;21;4;1;0;22;4;1;10088
000014392;4205057516;1;1;2;1180;2;1;2;5;3;1;0;0;4;1;2;620;5;1;0;0;14;1;0;2300
000014472;4205057516;8;1;0;31;9;1;0;31;10;1;0;31;11;1;0;31;12;1;0;31;13;1;0;31
000014512;4205057516;3;1;0;0;5;1;0;0;7;5;0;407316;14;1;0;2300;20;1;0;0
000014552;4205057516;15;1;1;0;16;1;0;0;17;1;2;0;18;1;2;0;19;1;2;0
000014632;4205057516;3;1;0;0;5;1;0;0;14;1;0;2300;21;4;1;1;22;4;1;10088
000014672;4205057516;1;1;2;1180;2;1;2;4;3;1;0;0;4;1;2;620;5;1;0;0;14;1;0;2300
000014711;4205057516;8;1;0;31;9;1;0;31;10;1;0;31;11;1;0;31;12;1;0;31;13;1;0;31
000014752;4205057516;3;1;0;0;5;1;0;0;7;5;0;407316;14;1;0;2300;20;1;0;0
000014832;4205057516;15;1;1;0;16;1;0;0;17;1;2;0;18;1;2;0;19;1;2;0
000014872;4205057516;3;1;0;0;5;1;0;0;14;1;0;2300;21;4;1;0;22;4;1;10088
000014912;4205057516;1;1;2;1180;2;1;2;4;3;1;0;0;4;1;2;619;5;1;0;0;14;1;0;2300
000014993;4205057516;8;1;0;31;9;1;0;31;10;1;0;31;11;1;0;31;12;1;0;31;13;1;0;31
000015031;4205057516;3;1;0;0;5;1;0;0;7;5;0;407316;14;1;0;2300;20;1;0;0
000015172;4205057516;3;1;0;0;5;1;0;0;14;1;0;2300;21;4;1;0;22;4;1;10088
000015231;4205057516;1;1;2;1180;2;1;2;3;3;1;0;0;4;1;2;620;5;1;0;0;14;1;0;2300
000015271;4205057516;8;1;0;31;9;1;0;31;10;1;0;31;11;1;0;31;12;1;0;31;13;1;0;31
000015351;4205057516;3;1;0;0;5;1;0;0;7;5;0;407316;14;1;0;2300;20;1;0;0
000015391;4205057516;15;1;1;0;16;1;0;0;17;1;2;0;18;1;2;0;19;1;2;0
000015432;4205057516;3;1;0;0;5;1;0;0;14;1;0;2300;21;4;1;0;22;4;1;10088
000015512;4205057516;1;1;2;1180;2;1;2;4;3;1;0;0;4;1;2;620;5;1;0;0;14;1;0;2300
000015552;4205057516;8;1;0;31;9;1;0;31;10;1;0;31;11;1;0;31;12;1;0;31;13;1;0;31
000015592;4205057516;3;1;0;0;5;1;0;0;7;5;0;407316;14;1;0;2300;20;1;0;0
000015672;4205057516;15;1;1;0;16;1;0;0;17;1;2;0;18;1;2;0;19;1;2;0
000015712;4205057516;3;1;0;0;5;1;0;0;14;1;0;2300;21;4;1;0;22;4;1;10088
000015752;4205057516;1;1;2;1180;2;1;2;4;3;1;0;0;4;1;2;620;5;1;0;0;14;1;0;2300
000015792;4205057516;8;1;0;31;9;1;0;31;10;1;0;31;11;1;0;31;12;1;0;31;13;1;0;31
000015871;4205057516;3;1;0;0;5;1;0;0;7;5;0;407316;14;1;0;2300;20;1;0;0
000015912;4205057516;15;1;1;0;16;1;0;0;17;1;2;0;18;1;2;0;19;1;2;0
000015952;4205057516;3;1;0;0;5;1;0;0;14;1;0;2300;21;4;1;0;22;4;1;10088
000016052;4205057516;8;1;0;31;9;1;0;31;10;1;0;31;11;1;0;31;12;1;0;31;13;1;0;31
000016111;4205057516;3;1;0;0;5;1;0;0;7;5;0;407316;14;1;0;2300;20;1;0;0
000016192;4205057516;15;1;1;0;16;1;0;0;17;1;2;0;18;1;2;0;19;1;2;0
000016232;4205057516;3;1;0;0;5;1;0;0;14;1;0;2300;21;4;1;0;22;4;1;10088
000016272;4205057516;1;1;2;1180;2;1;2;3;3;1;0;0;4;1;2;620;5;1;0;0;14;1;0;2300
000016312;4205057516;8;1;0;31;9;1;0;31;10;1;0;31;11;1;0;31;12;1;0;31;13;1;0;31
000016391;4205057516;3;1;0;0;5;1;0;0;7;5;0;407316;14;1;0;2300;20;1;0;0
000016432;4205057516;15;1;1;0;16;1;0;0;17;1;2;0;18;1;2;0;19;1;2;0
000016471;4205057516;3;1;0;0;5;1;0;0;14;1;0;2300;21;4;1;0;22;4;1;10088
000016552;4205057516;1;1;2;1180;2;1;2;4;3;1;0;0;4;1;2;619;5;1;0;0;14;1;0;2300
000016592;4205057516;8;1;0;31;9;1;0;31;10;1;0;31;11;1;0;31;12;1;0;31;13;1;0;31
000016712;4205057516;3;1;0;0;5;1;0;0;7;5;0;407316;14;1;0;2300;20;1;0;0
000016752;4205057516;15;1;1;0;16;1;0;0;17;1;2;0;18;1;2;0;19;1;2;0
000016812;4205057516;3;1;0;0;5;1;0;0;14;1;0;2300;21;4;1;0;22;4;1;10088
000016831;4205057516;1;1;2;1180;2;1;2;5;3;1;0;0;4;1;2;620;5;1;0;0;14;1;0;2300
000016912;4205057516;8;1;0;31;9;1;0;31;10;1;0;31;11;1;0;31;12;1;0;31;13;1;0;31
000016951;4205057516;3;1;0;0;5;1;0;0;7;5;0;407316;14;1;0;2300;20;1;0;0
000016992;4205057516;15;1;1;0;16;1;0;0;17;1;2;0;18;1;2;0;19;1;2;0
000017072;4205057516;3;1;0;0;5;1;0;0;14;1;0;2300;21;4;1;0;22;4;1;10088
000017112;4205057516;1;1;2;1180;2;1;2;3;3;1;0;0;4;1;2;620;5;1;0;0;14;1;0;2300
000017152;4205057516;8;1;0;31;9;1;0;31;10;1;0;31;11;1;0;31;12;1;0;31;13;1;0;31
000017232;4205057516;3;1;0;0;5;1;0;0;7;5;0;407316;14;1;0;2300;20;1;0;0
000017272;4205057516;15;1;1;0;16;1;0;0;17;1;2;0;18;1;2;0;19;1;2;0
000017312;4205057516;3;1;0;0;5;1;0;0;14;1;0;2300;21;4;1;0;22;4;1;10088
000017351;4205057516;1;1;2;1180;2;1;2;4;3;1;0;0;4;1;2;620;5;1;0;0;14;1;0;2300
000017432;4205057516;8;1;0;31;9;1;0;31;10;1;0;31;11;1;0;31;12;1;0;31;13;1;0;31
000017472;4205057516;3;1;0;0;5;1;0;0;7;5;0;407316;14;1;0;2300;20;1;0;0
000017512;4205057516;15;1;1;0;16;1;0;0;17;1;2;0;18;1;2;0;19;1;2;0
000017592;4205057516;3;1;0;0;5;1;0;0;14;1;0;2300;21;4;1;0;22;4;1;10088
000017632;4205057516;1;1;2;1180;2;1;2;4;3;1;0;0;4;1;2;620;5;1;0;0;14;1;0;2300
000017672;4205057516;8;1;0;31;9;1;0;31;10;1;0;31;11;1;0;31;12;1;0;31;13;1;0;31
000017752;4205057516;3;1;0;0;5;1;0;0;7;5;0;407316;14;1;0;2300;20;1;0;0
000017791;4205057516;15;1;1;0;16;1;0;0;17;1;2;0;18;1;2;0;19;1;2;0
000017832;4205057516;3;1;0;0;5;1;0;0;14;1;0;2300;21;4;1;0;22;4;1;10088
000017872;4205057516;1;1;2;1181;2;1;2;5;3;1;0;0;4;1;2;620;5;1;0;0;14;1;0;2300
000017952;4205057516;8;1;0;31;9;1;0;31;10;1;0;31;11;1;0;31;12;1;0;31;13;1;0;31
000017992;4205057516;3;1;0;0;5;1;0;0;7;5;0;407316;14;1;0;2300;20;1;0;0
000018033;4205057516;15;1;1;0;16;1;0;0;17;1;2;0;18;1;2;0;19;1;2;0
000018111;4205057516;3;1;0;0;5;1;0;0;14;1;0;2300;21;4;1;0;22;4;1;10088
000018152;4205057516;1;1;2;1180;2;1;2;4;3;1;0;0;4;1;2;620;5;1;0;0;14;1;0;2300
000018292;4205057516;8;1;0;31;9;1;0;31;10;1;0;31;11;1;0;31;12;1;0;31;13;1;0;31
000018311;4205057516;3;1;0;0;5;1;0;0;7;5;0;407316;14;1;0;2300;20;1;0;0
000018352;4205057516;15;1;1;0;16;1;0;0;17;1;2;0;18;1;2;0;19;1;2;0
000018391;4205057516;3;1;0;0;5;1;0;0;14;1;0;2300;21;4;1;0;22;4;1;10088
000018472;4205057516;1;1;2;1180;2;1;2;4;3;1;0;0;4;1;2;620;5;1;0;0;14;1;0;2300
000018512;4205057516;8;1;0;31;9;1;0;31;10;1;0;31;11;1;0;31;12;1;0;31;13;1;0;31
000018552;4205057516;3;1;0;0;5;1;0;0;7;5;0;407316;14;1;0;2300;20;1;0;0
000018632;4205057516;15;1;1;0;16;1;0;0;17;1;2;0;18;1;2;0;19;1;2;0
000018672;4205057516;3;1;0;0;5;1;0;0;14;1;0;2300;21;4;1;0;22;4;1;10088
000018712;4205057516;1;1;2;1180;2;1;2;4;3;1;0;0;4;1;2;620;5;1;0;0;14;1;0;2300
000018791;4205057516;8;1;0;31;9;1;0;31;10;1;0;31;11;1;0;31;12;1;0;31;13;1;0;31
000018831;4205057516;3;1;0;0;5;1;0;0;7;5;0;407316;14;1;0;2300;20;1;0;0
000018873;4205057516;15;1;1;0;16;1;0;0;17;1;2;0;18;1;2;0;19;1;2;0
000018911;4205057516;3;1;0;0;5;1;0;0;14;1;0;2300;21;4;1;1;22;4;1;10088
000018992;4205057516;1;1;2;1180;2;1;2;3;3;1;0;0;4;1;2;620;5;1;0;0;14;1;0;2300
000019033;4205057516;8;1;0;31;9;1;0;31;10;1;0;31;11;1;0;31;12;1;0;31;13;1;0;31
000019072;4205057516;3;1;0;0;5;1;0;0;7;5;0;407316;14;1;0;2300;20;1;0;0
000019132;4205057516;15;1;1;0;16;1;0;0;17;1;2;0;18;1;2;0;19;1;2;0
000019194;4205057516;3;1;0;0;5;1;0;0;14;1;0;2300;21;4;1;1;22;4;1;10088
000019232;4205057516;1;1;2;1181;2;1;2;3;3;1;0;0;4;1;2;620;5;1;0;0;14;1;0;2300
000019312;4205057516;8;1;0;31;9;1;0;31;10;1;0;31;11;1;0;31;12;1;0;31;13;1;0;31
000019352;4205057516;3;1;0;0;5;1;0;0;7;5;0;407316;14;1;0;2300;20;1;0;0
000019392;4205057516;15;1;1;0;16;1;0;0;17;1;2;0;18;1;2;0;19;1;2;0
000019432;4205057516;3;1;0;0;5;1;0;0;14;1;0;2300;21;4;1;1;22;4;1;10088
000019512;4205057516;1;1;2;1181;2;1;2;3;3;1;0;0;4;1;2;620;5;1;0;0;14;1;0;2300
000019551;4205057516;8;1;0;31;9;1;0;31;10;1;0;31;11;1;0;31;12;1;0;31;13;1;0;31
000019592;4205057516;3;1;0;0;5;1;0;0;7;5;0;407316;14;1;0;2300;20;1;0;0
000019672;4205057516;15;1;1;0;16;1;0;0;17;1;2;0;18;1;2;0;19;1;2;0
000019712;4205057516;3;1;0;0;5;1;0;0;14;1;0;2300;21;4;1;1;22;4;1;10088
000019832;4205057516;1;1;2;1181;2;1;2;4;3;1;0;0;4;1;2;620;5;1;0;0;14;1;0;2300
000019872;4205057516;8;1;0;31;9;1;0;31;10;1;0;31;11;1;0;31;12;1;0;31;13;1;0;31
000019931;4205057516;3;1;0;0;5;1;0;0;7;5;0;407316;14;1;0;2300;20;1;0;0
000019951;4205057516;15;1;1;0;16;1;0;0;17;1;2;0;18;1;2;0;19;1;2;0
000020032;4205057516;3;1;0;0;5;1;0;0;14;1;0;2300;21;4;1;1;22;4;1;10088
000020072;4205057516;1;1;2;1181;2;1;2;4;3;1;0;0;4;1;2;620;5;1;0;0;14;1;0;2300
000020112;4205057516;8;1;0;31;9;1;0;31;10;1;0;31;11;1;0;31;12;1;0;31;13;1;0;31
000020191;4205057516;3;1;0;0;5;1;0;0;7;5;0;407316;14;1;0;2300;20;1;0;0
000020231;4205057516;15;1;1;0;16;1;0;0;17;1;2;0;18;1;2;0;19;1;2;0
000020271;4205057516;3;1;0;0;5;1;0;0;14;1;0;2300;21;4;1;1;22;4;1;10088
000020352;4205057516;1;1;2;1180;2;1;2;3;3;1;0;0;4;1;2;620;5;1;0;0;14;1;0;2300
000020392;4205057516;8;1;0;31;9;1;0;31;10;1;0;31;11;1;0;31;12;1;0;31;13;1;0;31
000020432;4205057516;3;1;0;0;5;1;0;0;7;5;0;407316;14;1;0;2300;20;1;0;0
000020471;4205057516;15;1;1;0;16;1;0;0;17;1;2;0;18;1;2;0;19;1;2;0
000020551;4205057516;3;1;0;0;5;1;0;0;14;1;0;2300;21;4;1;1;22;4;1;10088
000020592;4205057516;1;1;2;1180;2;1;2;3;3;1;0;0;4;1;2;620;5;1;0;0;14;1;0;2300
000020632;4205057516;8;1;0;31;9;1;0;31;10;1;0;31;11;1;0;31;12;1;0;31;13;1;0;31
000020692;4205057516;3;1;0;0;5;1;0;0;7;5;0;407316;14;1;0;2300;20;1;0;0
000020752;4205057516;15;1;1;0;16;1;0;0;17;1;2;0;18;1;2;0;19;1;2;0
000020792;4205057516;3;1;0;0;5;1;0;0;14;1;0;2300;21;4;1;0;22;4;1;10088
000020872;4205057516;1;1;2;1181;2;1;2;4;3;1;0;0;4;1;2;620;5;1;0;0;14;1;0;2300
000020911;4205057516;8;1;0;31;9;1;0;31;10;1;0;31;11;1;0;31;12;1;0;31;13;1;0;31
000020952;4205057516;3;1;0;0;5;1;0;0;7;5;0;407316;14;1;0;2300;20;1;0;0
000020991;4205057516;15;1;1;0;16;1;0;0;17;1;2;0;18;1;2;0;19;1;2;0
000021073;4205057516;3;1;0;0;5;1;0;0;14;1;0;2300;21;4;1;0;22;4;1;10088
000021112;4205057516;1;1;2;1181;2;1;2;4;3;1;0;0;4;1;2;620;5;1;0;0;14;1;0;2300
000021152;4205057516;8;1;0;31;9;1;0;31;10;1;0;31;11;1;0;31;12;1;0;31;13;1;0;31
000021232;4205057516;3;1;0;0;5;1;0;0;7;5;0;407316;14;1;0;2300;20;1;0;0
000021272;4205057516;15;1;1;0;16;1;0;0;17;1;2;0;18;1;2;0;19;1;2;0
000021392;4205057516;3;1;0;0;5;1;0;0;14;1;0;2300;21;4;1;0;22;4;1;10088
000021432;4205057516;1;1;2;1181;2;1;2;3;3;1;0;0;4;1;2;620;5;1;0;0;14;1;0;2300
000021472;4205057516;8;1;0;31;9;1;0;31;10;1;0;31;11;1;0;31;12;1;0;31;13;1;0;31
000021512;4205057516;3;1;0;0;5;1;0;0;7;5;0;407316;14;1;0;2300;20;1;0;0
000021572;4205057516;15;1;1;0;16;1;0;0;17;1;2;0;18;1;2;0;19;1;2;0
000021632;4205057516;3;1;0;0;5;1;0;0;14;1;0;2300;21;4;1;0;22;4;1;10088
000021672;4205057516;1;1;2;1181;2;1;2;4;3;1;0;0;4;1;2;620;5;1;0;0;14;1;0;2300
000021752;4205057516;8;1;0;31;9;1;0;31;10;1;0;31;11;1;0;31;12;1;0;31;13;1;0;31
000021792;4205057516;3;1;0;0;5;1;0;0;7;5;0;407316;14;1;0;2300;20;1;0;0
000021832;4205057516;15;1;1;0;16;1;0;0;17;1;2;0;18;1;2;0;19;1;2;0
000021912;4205057516;3;1;0;0;5;1;0;0;14;1;0;2300;21;4;1;1;22;4;1;10088
000021952;4205057516;1;1;2;1181;2;1;2;3;3;1;0;0;4;1;2;620;5;1;0;0;14;1;0;2300
000021992;4205057516;8;1;0;31;9;1;0;31;10;1;0;31;11;1;0;31;12;1;0;31;13;1;0;31
000022032;4205057516;3;1;0;0;5;1;0;0;7;5;0;407316;14;1;0;2300;20;1;0;0
000022112;4205057516;15;1;1;0;16;1;0;0;17;1;2;0;18;1;2;0;19;1;2;0
000022152;4205057516;3;1;0;0;5;1;0;0;14;1;0;2300;21;4;1;0;22;4;1;10088
000022192;4205057516;1;1;2;1181;2;1;2;4;3;1;0;0;4;1;2;620;5;1;0;0;14;1;0;2300
000022292;4205057516;8;1;0;31;9;1;0;31;10;1;0;31;11;1;0;31;12;1;0;31;13;1;0;31
000022312;4205057516;3;1;0;0;5;1;0;0;7;5;0;407316;14;1;0;2300;20;1;0;0
000022351;4205057516;15;1;1;0;16;1;0;0;17;1;2;0;18;1;2;0;19;1;2;0
000022432;4205057516;3;1;0;0;5;1;0;0;14;1;0;2300;21;4;1;0;22;4;1;10088
000022472;4205057516;1;1;2;1180;2;1;2;3;3;1;0;0;4;1;2;620;5;1;0;0;14;1;0;2300
000022512;4205057516;8;1;0;31;9;1;0;31;10;1;0;31;11;1;0;31;12;1;0;31;13;1;0;31
000022552;4205057516;3;1;0;0;5;1;0;0;7;5;0;407316;14;1;0;2300;20;1;0;0
000022632;4205057516;15;1;1;0;16;1;0;0;17;1;2;0;18;1;2;0;19;1;2;0
000022672;4205057516;3;1;0;0;5;1;0;0;14;1;0;2300;21;4;1;0;22;4;1;10088
000022713;4205057516;1;1;2;1181;2;1;2;3;3;1;0;0;4;1;2;620;5;1;0;0;14;1;0;2300
000022792;4205057516;8;1;0;31;9;1;0;31;10;1;0;31;11;1;0;31;12;1;0;31;13;1;0;31
000022832;4205057516;3;1;0;0;5;1;0;0;7;5;0;407316;14;1;0;2300;20;1;0;0
000022952;4205057516;15;1;1;0;16;1;0;0;17;1;2;0;18;1;2;0;19;1;2;0
000022992;4205057516;3;1;0;0;5;1;0;0;14;1;0;2300;21;4;1;0;22;4;1;10088
000023051;4205057516;1;1;2;1180;2;1;2;3;3;1;0;0;4;1;2;620;5;1;0;0;14;1;0;2300
000023071;4205057516;8;1;0;31;9;1;0;31;10;1;0;31;11;1;0;31;12;1;0;31;13;1;0;31
000023151;4205057516;3;1;0;0;5;1;0;0;7;5;0;407316;14;1;0;2300;20;1;0;0
000023191;4205057516;15;1;1;0;16;1;0;0;17;1;2;0;18;1;2;0;19;1;2;0
000023232;4205057516;3;1;0;0;5;1;0;0;14;1;0;2300;21;4;1;0;22;4;1;10088
000023312;4205057516;1;1;2;1180;2;1;2;4;3;1;0;0;4;1;2;620;5;1;0;0;14;1;0;2300
000023352;4205057516;8;1;0;31;9;1;0;31;10;1;0;31;11;1;0;31;12;1;0;31;13;1;0;31
000023392;4205057516;3;1;0;0;5;1;0;0;7;5;0;407316;14;1;0;2300;20;1;0;0
000023472;4205057516;15;1;1;0;16;1;0;0;17;1;2;0;18;1;2;0;19;1;2;0
000023512;4205057516;3;1;0;0;5;1;0;0;14;1;0;2300;21;4;1;0;22;4;1;10089
000023552;4205057516;1;1;2;1180;2;1;2;3;3;1;0;0;4;1;2;620;5;1;0;0;14;1;0;2300
000023632;4205057516;8;1;0;31;9;1;0;31;10;1;0;31;11;1;0;31;12;1;0;31;13;1;0;31
000023672;4205057516;3;1;0;0;5;1;0;0;7;5;0;407316;14;1;0;2300;20;1;0;0
000023711;4205057516;15;1;1;0;16;1;0;0;17;1;2;0;18;1;2;0;19;1;2;0
000023751;4205057516;3;1;0;0;5;1;0;0;14;1;0;2300;21;4;1;0;22;4;1;10088
000023812;4205057516;1;1;2;1181;2;1;2;4;3;1;0;0;4;1;2;620;5;1;0;0;14;1;0;2300
000023873;4205057516;8;1;0;31;9;1;0;31;10;1;0;31;11;1;0;31;12;1;0;31;13;1;0;31
000023912;4205057516;3;1;0;0;5;1;0;0;7;5;0;407316;14;1;0;2300;20;1;0;0
000023991;4205057516;15;1;1;0;16;1;0;0;17;1;2;0;18;1;2;0;19;1;2;0
000024032;4205057516;3;1;0;0;5;1;0;0;14;1;0;2300;21;4;1;0;22;4;1;10088
000024072;4205057516;1;1;2;1180;2;1;2;3;3;1;0;0;4;1;2;620;5;1;0;0;14;1;0;2300
000024151;4205057516;8;1;0;31;9;1;0;31;10;1;0;31;11;1;0;31;12;1;0;31;13;1;0;31
000024192;4205057516;3;1;0;0;5;1;0;0;7;5;0;407316;14;1;0;2300;20;1;0;0
000024232;4205057516;15;1;1;0;16;1;0;0;17;1;2;0;18;1;2;0;19;1;2;0
000024272;4205057516;3;1;0;0;5;1;0;0;14;1;0;2300;21;4;1;0;22;4;1;10088
000024351;4205057516;1;1;2;1181;2;1;2;4;3;1;0;0;4;1;2;620;5;1;0;0;14;1;0;2300
000024392;4205057516;8;1;0;31;9;1;0;31;10;1;0;31;11;1;0;31;12;1;0;31;13;1;0;31
000024512;4205057516;3;1;0;0;5;1;0;0;7;5;0;407316;14;1;0;2300;20;1;0;0
000024552;4205057516;15;1;1;0;16;1;0;0;17;1;2;0;18;1;2;0;19;1;2;0
000024592;4205057516;3;1;0;0;5;1;0;0;14;1;0;2300;21;4;1;0;22;4;1;10088
000024652;4205057516;1;1;2;1181;2;1;2;4;3;1;0;0;4;1;2;620;5;1;0;0;14;1;0;2300
000024712;4205057516;8;1;0;31;9;1;0;31;10;1;0;31;11;1;0;31;12;1;0;31;13;1;0;31
000024752;4205057516;3;1;0;0;5;1;0;0;7;5;0;407316;14;1;0;2300;20;1;0;0
000024793;4205057516;15;1;1;0;16;1;0;0;17;1;2;0;18;1;2;0;19;1;2;0
000024872;4205057516;3;1;0;0;5;1;0;0;14;1;0;2300;21;4;1;0;22;4;1;10089
000024912;4205057516;1;1;2;1180;2;1;2;4;3;1;0;0;4;1;2;620;5;1;0;0;14;1;0;2300
000024952;4205057516;8;1;0;31;9;1;0;31;10;1;0;31;11;1;0;31;12;1;0;31;13;1;0;31
000025032;4205057516;3;1;0;0;5;1;0;0;7;5;0;407316;14;1;0;2300;20;1;0;0
000025072;4205057516;15;1;1;0;16;1;0;0;17;1;2;0;18;1;2;0;19;1;2;0
000025112;4205057516;3;1;0;0;5;1;0;0;14;1;0;2300;21;4;1;0;22;4;1;10088
000025192;4205057516;1;1;2;1181;2;1;2;4;3;1;0;0;4;1;2;620;5;1;0;0;14;1;0;2300
000025232;4205057516;8;1;0;31;9;1;0;31;10;1;0;31;11;1;0;31;12;1;0;31;13;1;0;31
000025271;4205057516;3;1;0;0;5;1;0;0;7;5;0;407316;14;1;0;2300;20;1;0;0
000025312;4205057516;15;1;1;0;16;1;0;0;17;1;2;0;18;1;2;0;19;1;2;0
000025392;4205057516;3;1;0;0;5;1;0;0;14;1;0;2300;21;4;1;0;22;4;1;10089
000025451;4205057516;1;1;2;1181;2;1;2;4;3;1;0;0;4;1;2;620;5;1;0;0;14;1;0;2300
000025471;4205057516;8;1;0;31;9;1;0;31;10;1;0;31;11;1;0;31;12;1;0;31;13;1;0;31
000025552;4205057516;3;1;0;0;5;1;0;0;7;5;0;407316;14;1;0;2300;20;1;0;0
000025592;4205057516;15;1;1;0;16;1;0;0;17;1;2;0;18;1;2;0;19;1;2;0
000025631;4205057516;3;1;0;0;5;1;0;0;14;1;0;2300;21;4;1;0;22;4;1;10088
000025711;4205057516;1;1;2;1180;2;1;2;4;3;1;0;0;4;1;2;620;5;1;0;0;14;1;0;2300
000025752;4205057516;8;1;0;31;9;1;0;31;10;1;0;31;11;1;0;31;12;1;0;31;13;1;0;31
000025791;4205057516;3;1;0;0;5;1;0;0;7;5;0;407316;14;1;0;2300;20;1;0;0
000025832;4205057516;15;1;1;0;16;1;0;0;17;1;2;0;18;1;2;0;19;1;2;0
000025912;4205057516;3;1;0;0;5;1;0;0;14;1;0;2300;21;4;1;0;22;4;1;10088
000025952;4205057516;1;1;2;1181;2;1;2;3;3;1;0;0;4;1;2;620;5;1;0;0;14;1;0;2300
000026072;4205057516;8;1;0;31;9;1;0;31;10;1;0;31;11;1;0;31;12;1;0;31;13;1;0;31
000026132;4205057516;3;1;0;0;5;1;0;0;7;5;0;407316;14;1;0;2300;20;1;0;0
000026152;4205057516;15;1;1;0;16;1;0;0;17;1;2;0;18;1;2;0;19;1;2;0
000026232;4205057516;3;1;0;0;5;1;0;0;14;1;0;2300;21;4;1;0;22;4;1;10088
000026271;4205057516;1;1;2;1180;2;1;2;4;3;1;0;0;4;1;2;620;5;1;0;0;14;1;0;2300
000026312;4205057516;8;1;0;31;9;1;0;31;10;1;0;31;11;1;0;31;12;1;0;31;13;1;0;31
000026353;4205057516;3;1;0;0;5;1;0;0;7;5;0;407316;14;1;0;2300;20;1;0;0
000026432;4205057516;15;1;1;0;16;1;0;0;17;1;2;0;18;1;2;0;19;1;2;0
000026472;4205057516;3;1;0;0;5;1;0;0;14;1;0;2300;21;4;1;0;22;4;1;10088
000026512;4205057516;1;1;2;1181;2;1;2;3;3;1;0;0;4;1;2;620;5;1;0;0;14;1;0;2300
000026592;4205057516;8;1;0;31;9;1;0;31;10;1;0;31;11;1;0;31;12;1;0;31;13;1;0;31
000026632;4205057516;3;1;0;0;5;1;0;0;7;5;0;407316;14;1;0;2300;20;1;0;0
000026672;4205057516;15;1;1;0;16;1;0;0;17;1;2;0;18;1;2;0;19;1;2;0
000026752;4205057516;3;1;0;0;5;1;0;0;14;1;0;2300;21;4;1;0;22;4;1;10088
000026792;4205057516;1;1;2;1181;2;1;2;3;3;1;0;0;4;1;2;620;5;1;0;0;14;1;0;2300
000026832;4205057516;8;1;0;31;9;1;0;31;10;1;0;31;11;1;0;31;12;1;0;31;13;1;0;31
000026872;4205057516;3;1;0;0;5;1;0;0;7;5;0;407316;14;1;0;2300;20;1;0;0
000026972;4205057516;15;1;1;0;16;1;0;0;17;1;2;0;18;1;2;0;19;1;2;0
000026991;4205057516;3;1;0;0;5;1;0;0;14;1;0;2300;21;4;1;0;22;4;1;10088
000027032;4205057516;1;1;2;1180;2;1;2;3;3;1;0;0;4;1;2;620;5;1;0;0;14;1;0;2300
000027112;4205057516;8;1;0;31;9;1;0;31;10;1;0;31;11;1;0;31;12;1;0;31;13;1;0;31
000027152;4205057516;3;1;0;0;5;1;0;0;7;5;0;407316;14;1;0;2300;20;1;0;0
000027192;4205057516;15;1;1;0;16;1;0;0;17;1;2;0;18;1;2;0;19;1;2;0
000027272;4205057516;3;1;0;0;5;1;0;0;14;1;0;2300;21;4;1;0;22;4;1;10089
000027312;4205057516;1;1;2;1180;2;1;2;4;3;1;0;0;4;1;2;620;5;1;0;0;14;1;0;2300
000027352;4205057516;8;1;0;31;9;1;0;31;10;1;0;31;11;1;0;31;12;1;0;31;13;1;0;31
000027432;4205057516;3;1;0;0;5;1;0;0;7;5;0;407316;14;1;0;2300;20;1;0;0
000027472;4205057516;15;1;1;0;16;1;0;0;17;1;2;0;18;1;2;0;19;1;2;0
000027512;4205057516;3;1;0;0;5;1;0;0;14;1;0;2300;21;4;1;0;22;4;1;10088
000027632;4205057516;1;1;2;1181;2;1;2;5;3;1;0;0;4;1;2;620;5;1;0;0;14;1;0;2300
000027671;4205057516;8;1;0;31;9;1;0;31;10;1;0;31;11;1;0;31;12;1;0;31;13;1;0;31
000027711;4205057516;3;1;0;0;5;1;0;0;7;5;0;407316;14;1;0;2300;20;1;0;0
000027792;4205057516;15;1;1;0;16;1;0;0;17;1;2;0;18;1;2;0;19;1;2;0
000027832;4205057516;3;1;0;0;5;1;0;0;14;1;0;2300;21;4;1;0;22;4;1;10088
000027871;4205057516;1;1;2;1180;2;1;2;4;3;1;0;0;4;1;2;620;5;1;0;0;14;1;0;2300
000027952;4205057516;8;1;0;31;9;1;0;31;10;1;0;31;11;1;0;31;12;1;0;31;13;1;0;31
000027992;4205057516;3;1;0;0;5;1;0;0;7;5;0;407316;14;1;0;2300;20;1;0;0
000028031;4205057516;15;1;1;0;16;1;0;0;17;1;2;0;18;1;2;0;19;1;2;0
000028072;4205057516;3;1;0;0;5;1;0;0;14;1;0;2300;21;4;1;0;22;4;1;10088
000028152;4205057516;1;1;2;1181;2;1;2;4;3;1;0;0;4;1;2;620;5;1;0;0;14;1;0;2300
000028192;4205057516;8;1;0;31;9;1;0;31;10;1;0;31;11;1;0;31;12;1;0;31;13;1;0;31
000028233;4205057516;3;1;0;0;5;1;0;0;7;5;0;407316;14;1;0;2300;20;1;0;0
000028313;4205057516;15;1;1;0;16;1;0;0;17;1;2;0;18;1;2;0;19;1;2;0
000028352;4205057516;3;1;0;0;5;1;0;0;14;1;0;2300;21;4;1;0;22;4;1;10088
000028392;4205057516;1;1;2;1180;2;1;2;4;3;1;0;0;4;1;2;620;5;1;0;0;14;1;0;2300
000028452;4205057516;8;1;0;31;9;1;0;31;10;1;0;31;11;1;0;31;12;1;0;31;13;1;0;31
000028512;4205057516;3;1;0;0;5;1;0;0;7;5;0;407316;14;1;0;2300;20;1;0;0
000028552;4205057516;15;1;1;0;16;1;0;0;17;1;2;0;18;1;2;0;19;1;2;0
000028591;4205057516;3;1;0;0;5;1;0;0;14;1;0;2300;21;4;1;0;22;4;1;10088
000028672;4205057516;1;1;2;1180;2;1;2;4;3;1;0;0;4;1;2;620;5;1;0;0;14;1;0;2300
000028712;4205057516;8;1;0;31;9;1;0;31;10;1;0;31;11;1;0;31;12;1;0;31;13;1;0;31
000028752;4205057516;3;1;0;0;5;1;0;0;7;5;0;407316;14;1;0;2300;20;1;0;0
000028831;4205057516;15;1;1;0;16;1;0;0;17;1;2;0;18;1;2;0;19;1;2;0
000028872;4205057516;3;1;0;0;5;1;0;0;14;1;0;2300;21;4;1;0;22;4;1;10088
000028912;4205057516;1;1;2;1180;2;1;2;4;3;1;0;0;4;1;2;620;5;1;0;0;14;1;0;2300
000028992;4205057516;8;1;0;31;9;1;0;31;10;1;0;31;11;1;0;31;12;1;0;31;13;1;0;31
000029032;4205057516;3;1;0;0;5;1;0;0;7;5;0;407316;14;1;0;2300;20;1;0;0
000029072;4205057516;15;1;1;0;16;1;0;0;17;1;2;0;18;1;2;0;19;1;2;0
000029192;4205057516;3;1;0;0;5;1;0;0;14;1;0;2300;21;4;1;0;22;4;1;10088
000029232;4205057516;1;1;2;1181;2;1;2;3;3;1;0;0;4;1;2;620;5;1;0;0;14;1;0;2300
000029272;4205057516;8;1;0;31;9;1;0;31;10;1;0;31;11;1;0;31;12;1;0;31;13;1;0;31
000029331;4205057516;3;1;0;0;5;1;0;0;7;5;0;407316;14;1;0;2300;20;1;0;0
000029392;4205057516;15;1;1;0;16;1;0;0;17;1;2;0;18;1;2;0;19;1;2;0
000029431;4205057516;3;1;0;0;5;1;0;0;14;1;0;2300;21;4;1;0;22;4;1;10088
000029511;4205057516;1;1;2;1180;2;1;2;4;3;1;0;0;4;1;2;620;5;1;0;0;14;1;0;2300
000029551;4205057516;8;1;0;31;9;1;0;31;10;1;0;31;11;1;0;31;12;1;0;31;13;1;0;31
000029592;4205057516;3;1;0;0;5;1;0;0;7;5;0;407316;14;1;0;2300;20;1;0;0
000029631;4205057516;15;1;1;0;16;1;0;0;17;1;2;0;18;1;2;0;19;1;2;0
000029713;4205057516;3;1;0;0;5;1;0;0;14;1;0;2300;21;4;1;0;22;4;1;10088
000029752;4205057516;1;1;2;1180;2;1;2;4;3;1;0;0;4;1;2;620;5;1;0;0;14;1;0;2300
000029791;4205057516;8;1;0;31;9;1;0;31;10;1;0;31;11;1;0;31;12;1;0;31;13;1;0;31
000029872;4205057516;3;1;0;0;5;1;0;0;7;5;0;407316;14;1;0;2300;20;1;0;0
000029912;4205057516;15;1;1;0;16;1;0;0;17;1;2;0;18;1;2;0;19;1;2;0
000029952;4205057516;3;1;0;0;5;1;0;0;14;1;0;2300;21;4;1;0;22;4;1;10088
000030032;4205057516;1;1;2;1180;2;1;2;4;3;1;0;0;4;1;2;620;5;1;0;0;14;1;0;2300
000030092;4205057516;8;1;0;31;9;1;0;31;10;1;0;31;11;1;0;31;12;1;0;31;13;1;0;31
000030112;4205057516;3;1;0;0;5;1;0;0;7;5;0;407316;14;1;0;2300;20;1;0;0
000030152;4205057516;15;1;1;0;16;1;0;0;17;1;2;0;18;1;2;0;19;1;2;0
000030231;4205057516;3;1;0;0;5;1;0;0;14;1;0;2300;21;4;1;0;22;4;1;10088
000030271;4205057516;1;1;2;1180;2;1;2;4;3;1;0;0;4;1;2;620;5;1;0;0;14;1;0;2300
000030312;4205057516;8;1;0;31;9;1;0;31;10;1;0;31;11;1;0;31;12;1;0;31;13;1;0;31
000030392;4205057516;3;1;0;0;5;1;0;0;7;5;0;407316;14;1;0;2300;20;1;0;0
000030432;4205057516;15;1;1;0;16;1;0;0;17;1;2;0;18;1;2;0;19;1;2;0
000030472;4205057516;3;1;0;0;5;1;0;0;14;1;0;2300;21;4;1;0;22;4;1;10088
000030551;4205057516;1;1;2;1180;2;1;2;3;3;1;0;0;4;1;2;620;5;1;0;0;14;1;0;2300
000030591;4205057516;8;1;0;31;9;1;0;31;10;1;0;31;11;1;0;31;12;1;0;31;13;1;0;31
000030632;4205057516;3;1;0;0;5;1;0;0;7;5;0;407316;14;1;0;2300;20;1;0;0
000030752;4205057516;15;1;1;0;16;1;0;0;17;1;2;0;18;1;2;0;19;1;2;0
000030791;4205057516;3;1;0;0;5;1;0;0;14;1;0;2300;21;4;1;0;22;4;1;10089
000030832;4205057516;1;1;2;1180;2;1;2;4;3;1;0;0;4;1;2;620;5;1;0;0;14;1;0;2300
000030911;4205057516;8;1;0;31;9;1;0;31;10;1;0;31;11;1;0;31;12;1;0;31;13;1;0;31
000030951;4205057516;3;1;0;0;5;1;0;0;7;5;0;407316;14;1;0;2300;20;1;0;0
000030991;4205057516;15;1;1;0;16;1;0;0;17;1;2;0;18;1;2;0;19;1;2;0
000031073;4205057516;3;1;0;0;5;1;0;0;14;1;0;2300;21;4;1;0;22;4;1;10088
000031112;4205057516;1;1;2;1181;2;1;2;4;3;1;0;0;4;1;2;620;5;1;0;0;14;1;0;2300
000031152;4205057516;8;1;0;31;9;1;0;31;10;1;0;31;11;1;0;31;12;1;0;31;13;1;0;31
000031192;4205057516;3;1;0;0;5;1;0;0;7;5;0;407316;14;1;0;2300;20;1;0;0
000031272;4205057516;15;1;1;0;16;1;0;0;17;1;2;0;18;1;2;0;19;1;2;0
000031312;4205057516;3;1;0;0;5;1;0;0;14;1;0;2300;21;4;1;0;22;4;1;10088
000031351;4205057516;1;1;2;1180;2;1;2;3;3;1;0;0;4;1;2;619;5;1;0;0;14;1;0;2300
000031432;4205057516;8;1;0;31;9;1;0;31;10;1;0;31;11;1;0;31;12;1;0;31;13;1;0;31
000031472;4205057516;3;1;0;0;5;1;0;0;7;5;0;407316;14;1;0;2300;20;1;0;0
000031512;4205057516;15;1;1;0;16;1;0;0;17;1;2;0;18;1;2;0;19;1;2;0
000031612;4205057516;3;1;0;0;5;1;0;0;14;1;0;2300;21;4;1;0;22;4;1;10089
000031631;4205057516;1;1;2;1180;2;1;2;4;3;1;0;0;4;1;2;620;5;1;0;0;14;1;0;2300
000031671;4205057516;8;1;0;31;9;1;0;31;10;1;0;31;11;1;0;31;12;1;0;31;13;1;0;31
000031752;4205057516;3;1;0;0;5;1;0;0;7;5;0;407316;14;1;0;2300;20;1;0;0
000031791;4205057516;15;1;1;0;16;1;0;0;17;1;2;0;18;1;2;0;19;1;2;0
000031832;4205057516;3;1;0;0;5;1;0;0;14;1;0;2300;21;4;1;0;22;4;1;10088
000031872;4205057516;1;1;2;1181;2;1;2;4;3;1;0;0;4;1;2;620;5;1;0;0;14;1;0;2300
000031951;4205057516;8;1;0;31;9;1;0;31;10;1;0;31;11;1;0;31;12;1;0;31;13;1;0;31
000031992;4205057516;3;1;0;0;5;1;0;0;7;5;0;407316;14;1;0;2300;20;1;0;0
000032031;4205057516;15;1;1;0;16;1;0;0;17;1;2;0;18;1;2;0;19;1;2;0
000032112;4205057516;3;1;0;0;5;1;0;0;14;1;0;2300;21;4;1;0;22;4;1;10088
000032152;4205057516;1;1;2;1181;2;1;2;3;3;1;0;0;4;1;2;620;5;1;0;0;14;1;0;2300
000032192;4205057516;8;1;0;31;9;1;0;31;10;1;0;31;11;1;0;31;12;1;0;31;13;1;0;31
000032312;4205057516;3;1;0;0;5;1;0;0;7;5;0;407316;14;1;0;2300;20;1;0;0
000032352;4205057516;15;1;1;0;16;1;0;0;17;1;2;0;18;1;2;0;19;1;2;0
000032411;4205057516;3;1;0;0;5;1;0;0;14;1;0;2300;21;4;1;0;22;4;1;10088
000032472;4205057516;1;1;2;1180;2;1;2;4;3;1;0;0;4;1;2;620;5;1;0;0;14;1;0;2300
000032512;4205057516;8;1;0;31;9;1;0;31;10;1;0;31;11;1;0;31;12;1;0;31;13;1;0;31
000032551;4205057516;3;1;0;0;5;1;0;0;7;5;0;407316;14;1;0;2300;20;1;0;0
000032632;4205057516;15;1;1;0;16;1;0;0;17;1;2;0;18;1;2;0;19;1;2;0
000032671;4205057516;3;1;0;0;5;1;0;0;14;1;0;2300;21;4;1;0;22;4;1;10088
000032711;4205057516;1;1;2;1180;2;1;2;4;3;1;0;0;4;1;2;620;5;1;0;0;14;1;0;2300
000032794;4205057516;8;1;0;31;9;1;0;31;10;1;0;31;11;1;0;31;12;1;0;31;13;1;0;31
000032832;4205057516;3;1;0;0;5;1;0;0;7;5;0;407316;14;1;0;2300;20;1;0;0
000032872;4205057516;15;1;1;0;16;1;0;0;17;1;2;0;18;1;2;0;19;1;2;0
000032912;4205057516;3;1;0;0;5;1;0;0;14;1;0;2300;21;4;1;0;22;4;1;10088
000032991;4205057516;1;1;2;1181;2;1;2;3;3;1;0;0;4;1;2;620;5;1;0;0;14;1;0;2300
000033031;4205057516;8;1;0;31;9;1;0;31;10;1;0;31;11;1;0;31;12;1;0;31;13;1;0;31
000033071;4205057516;3;1;0;0;5;1;0;0;7;5;0;407316;14;1;0;2300;20;1;0;0
000033152;4205057516;15;1;1;0;16;1;0;0;17;1;2;0;18;1;2;0;19;1;2;0
000033212;4205057516;3;1;0;0;5;1;0;0;14;1;0;2300;21;4;1;0;22;4;1;10088
000033232;4205057516;1;1;2;1181;2;1;2;4;3;1;0;0;4;1;2;620;5;1;0;0;14;1;0;2300
000033312;4205057516;8;1;0;31;9;1;0;31;10;1;0;31;11;1;0;31;12;1;0;31;13;1;0;31
000033351;4205057516;3;1;0;0;5;1;0;0;7;5;0;407316;14;1;0;2300;20;1;0;0
000033392;4205057516;15;1;1;0;16;1;0;0;17;1;2;0;18;1;2;0;19;1;2;0
000033432;4205057516;3;1;0;0;5;1;0;0;14;1;0;2300;21;4;1;0;22;4;1;10088
000033511;4205057516;1;1;2;1180;2;1;2;4;3;1;0;0;4;1;2;620;5;1;0;0;14;1;0;2300
000033552;4205057516;8;1;0;31;9;1;0;31;10;1;0;31;11;1;0;31;12;1;0;31;13;1;0;31
000033592;4205057516;3;1;0;0;5;1;0;0;7;5;0;407316;14;1;0;2300;20;1;0;0
000033672;4205057516;15;1;1;0;16;1;0;0;17;1;2;0;18;1;2;0;19;1;2;0
000033712;4205057516;3;1;0;0;5;1;0;0;14;1;0;2300;21;4;1;0;22;4;1;10088
000033752;4205057516;1;1;2;1181;2;1;2;4;3;1;0;0;4;1;2;620;5;1;0;0;14;1;0;2300
000033871;4205057516;8;1;0;31;9;1;0;31;10;1;0;31;11;1;0;31;12;1;0;31;13;1;0;31
000033912;4205057516;3;1;0;0;5;1;0;0;7;5;0;407316;14;1;0;2300;20;1;0;0
000033952;4205057516;15;1;1;0;16;1;0;0;17;1;2;0;18;1;2;0;19;1;2;0
000034031;4205057516;3;1;0;0;5;1;0;0;14;1;0;2300;21;4;1;0;22;4;1;10088
000034091;4205057516;1;1;2;1181;2;1;2;4;3;1;0;0;4;1;2;620;5;1;0;0;14;1;0;2300
000034111;4205057516;8;1;0;31;9;1;0;31;10;1;0;31;11;1;0;31;12;1;0;31;13;1;0;31
000034192;4205057516;3;1;0;0;5;1;0;0;7;5;0;407316;14;1;0;2300;20;1;0;0
000034233;4205057516;15;1;1;0;16;1;0;0;17;1;2;0;18;1;2;0;19;1;2;0
000034272;4205057516;3;1;0;0;5;1;0;0;14;1;0;2300;21;4;1;0;22;4;1;10088
000034352;4205057516;1;1;2;1180;2;1;2;4;3;1;0;0;4;1;2;620;5;1;0;0;14;1;0;2300
000034391;4205057516;8;1;0;31;9;1;0;31;10;1;0;31;11;1;0;31;12;1;0;31;13;1;0;31
000034431;4205057516;3;1;0;0;5;1;0;0;7;5;0;407316;14;1;0;2300;20;1;0;0
000034471;4205057516;15;1;1;0;16;1;0;0;17;1;2;0;18;1;2;0;19;1;2;0
000034552;4205057516;3;1;0;0;5;1;0;0;14;1;0;2300;21;4;1;0;22;4;1;10089
000034593;4205057516;1;1;2;1181;2;1;2;3;3;1;0;0;4;1;2;620;5;1;0;0;14;1;0;2300
000034632;4205057516;8;1;0;31;9;1;0;31;10;1;0;31;11;1;0;31;12;1;0;31;13;1;0;31
000034712;4205057516;3;1;0;0;5;1;0;0;7;5;0;407316;14;1;0;2300;20;1;0;0
000034752;4205057516;15;1;1;0;16;1;0;0;17;1;2;0;18;1;2;0;19;1;2;0
000034792;4205057516;3;1;0;0;5;1;0;0;14;1;0;2300;21;4;1;0;22;4;1;10088
000034872;4205057516;1;1;2;1181;2;1;2;4;3;1;0;0;4;1;2;620;5;1;0;0;14;1;0;2300
000034932;4205057516;8;1;0;31;9;1;0;31;10;1;0;31;11;1;0;31;12;1;0;31;13;1;0;31
000034952;4205057516;3;1;0;0;5;1;0;0;7;5;0;407316;14;1;0;2300;20;1;0;0
000034991;4205057516;15;1;1;0;16;1;0;0;17;1;2;0;18;1;2;0;19;1;2;0
000035072;4205057516;3;1;0;0;5;1;0;0;14;1;0;2300;21;4;1;0;22;4;1;10089
000035111;4205057516;1;1;2;1181;2;1;2;4;3;1;0;0;4;1;2;620;5;1;0;0;14;1;0;2300
000035152;4205057516;8;1;0;31;9;1;0;31;10;1;0;31;11;1;0;31;12;1;0;31;13;1;0;31
000035232;4205057516;3;1;0;0;5;1;0;0;7;5;0;407316;14;1;0;2300;20;1;0;0
000035271;4205057516;15;1;1;0;16;1;0;0;17;1;2;0;18;1;2;0;19;1;2;0
000035312;4205057516;3;1;0;0;5;1;0;0;14;1;0;2300;21;4;1;0;22;4;1;10088
000035432;4205057516;1;1;2;1181;2;1;2;3;3;1;0;0;4;1;2;620;5;1;0;0;14;1;0;2300
000035472;4205057516;8;1;0;31;9;1;0;31;10;1;0;31;11;1;0;31;12;1;0;31;13;1;0;31
000035552;4205057516;3;1;0;0;5;1;0;0;7;5;0;407316;14;1;0;2300;20;1;0;0
000035591;4205057516;15;1;1;0;16;1;0;0;17;1;2;0;18;1;2;0;19;1;2;0
000035632;4205057516;3;1;0;0;5;1;0;0;14;1;0;2300;21;4;1;0;22;4;1;10088
000035672;4205057516;1;1;2;1180;2;1;2;4;3;1;0;0;4;1;2;620;5;1;0;0;14;1;0;2300
000035732;4205057516;8;1;0;31;9;1;0;31;10;1;0;31;11;1;0;31;12;1;0;31;13;1;0;31
000035792;4205057516;3;1;0;0;5;1;0;0;7;5;0;407316;14;1;0;2300;20;1;0;0
000035831;4205057516;15;1;1;0;16;1;0;0;17;1;2;0;18;1;2;0;19;1;2;0
000035911;4205057516;3;1;0;0;5;1;0;0;14;1;0;2300;21;4;1;0;22;4;1;10088
000035952;4205057516;1;1;2;1180;2;1;2;4;3;1;0;0;4;1;2;620;5;1;0;0;14;1;0;2300
000035991;4205057516;8;1;0;31;9;1;0;31;10;1;0;31;11;1;0;31;12;1;0;31;13;1;0;31
000036072;4205057516;3;1;0;0;5;1;0;0;7;5;0;407316;14;1;0;2300;20;1;0;0
000036112;4205057516;15;1;1;0;16;1;0;0;17;1;2;0;18;1;2;0;19;1;2;0
000036151;4205057516;3;1;0;0;5;1;0;0;14;1;0;2300;21;4;1;0;22;4;1;10088
000036192;4205057516;1;1;2;1180;2;1;2;4;3;1;0;0;4;1;2;620;5;1;0;0;14;1;0;2300
000036271;4205057516;8;1;0;31;9;1;0;31;10;1;0;31;11;1;0;31;12;1;0;31;13;1;0;31
000036312;4205057516;3;1;0;0;5;1;0;0;7;5;0;407316;14;1;0;2300;20;1;0;0
000036352;4205057516;15;1;1;0;16;1;0;0;17;1;2;0;18;1;2;0;19;1;2;0
000036432;4205057516;3;1;0;0;5;1;0;0;14;1;0;2300;21;4;1;0;22;4;1;10088
000036472;4205057516;1;1;2;1180;2;1;2;4;3;1;0;0;4;1;2;620;5;1;0;0;14;1;0;2300
000036512;4205057516;8;1;0;31;9;1;0;31;10;1;0;31;11;1;0;31;12;1;0;31;13;1;0;31
000036571;4205057516;3;1;0;0;5;1;0;0;7;5;0;407316;14;1;0;2300;20;1;0;0
000036632;4205057516;15;1;1;0;16;1;0;0;17;1;2;0;18;1;2;0;19;1;2;0
000036671;4205057516;3;1;0;0;5;1;0;0;14;1;0;2300;21;4;1;1;22;4;1;10088
000036712;4205057516;1;1;2;1180;2;1;2;3;3;1;0;0;4;1;2;620;5;1;0;0;14;1;0;2300
000036792;4205057516;8;1;0;31;9;1;0;31;10;1;0;31;11;1;0;31;12;1;0;31;13;1;0;31
000036832;4205057516;3;1;0;0;5;1;0;0;7;5;0;407316;14;1;0;2300;20;1;0;0
000036872;4205057516;15;1;1;0;16;1;0;0;17;1;2;0;18;1;2;0;19;1;2;0
000036992;4205057516;3;1;0;0;5;1;0;0;14;1;0;2300;21;4;1;0;22;4;1;10088
000037032;4205057516;1;1;2;1180;2;1;2;4;3;1;0;0;4;1;2;620;5;1;0;0;14;1;0;2300
000037112;4205057516;8;1;0;31;9;1;0;31;10;1;0;31;11;1;0;31;12;1;0;31;13;1;0;31
000037152;4205057516;3;1;0;0;5;1;0;0;7;5;0;407316;14;1;0;2300;20;1;0;0
000037192;4205057516;15;1;1;0;16;1;0;0;17;1;2;0;18;1;2;0;19;1;2;0
000037232;4205057516;3;1;0;0;5;1;0;0;14;1;0;2300;21;4;1;1;22;4;1;10088
000037312;4205057516;1;1;2;1181;2;1;2;4;3;1;0;0;4;1;2;620;5;1;0;0;14;1;0;2300
000037351;4205057516;8;1;0;31;9;1;0;31;10;1;0;31;11;1;0;31;12;1;0;31;13;1;0;31
000037391;4205057516;3;1;0;0;5;1;0;0;7;5;0;407316;14;1;0;2300;20;1;0;0
000037472;4205057516;15;1;1;0;16;1;0;0;17;1;2;0;18;1;2;0;19;1;2;0
000037512;4205057516;3;1;0;0;5;1;0;0;14;1;0;2300;21;4;1;0;22;4;1;10088
000037551;4205057516;1;1;2;1180;2;1;2;4;3;1;0;0;4;1;2;620;5;1;0;0;14;1;0;2300
000037632;4205057516;8;1;0;31;9;1;0;31;10;1;0;31;11;1;0;31;12;1;0;31;13;1;0;31
000037672;4205057516;3;1;0;0;5;1;0;0;7;5;0;407316;14;1;0;2300;20;1;0;0
000037712;4205057516;15;1;1;0;16;1;0;0;17;1;2;0;18;1;2;0;19;1;2;0
000037751;4205057516;3;1;0;0;5;1;0;0;14;1;0;2300;21;4;1;0;22;4;1;10088
000037832;4205057516;1;1;2;1180;2;1;2;3;3;1;0;0;4;1;2;620;5;1;0;0;14;1;0;2300
000037872;4205057516;8;1;0;31;9;1;0;31;10;1;0;31;11;1;0;31;12;1;0;31;13;1;0;31
000037912;4205057516;3;1;0;0;5;1;0;0;7;5;0;407316;14;1;0;2300;20;1;0;0
000037992;4205057516;15;1;1;0;16;1;0;0;17;1;2;0;18;1;2;0;19;1;2;0
000038032;4205057516;3;1;0;0;5;1;0;0;14;1;0;2300;21;4;1;0;22;4;1;10088
000038072;4205057516;1;1;2;1180;2;1;2;4;3;1;0;0;4;1;2;620;5;1;0;0;14;1;0;2300
000038172;4205057516;8;1;0;31;9;1;0;31;10;1;0;31;11;1;0;31;12;1;0;31;13;1;0;31
000038192;4205057516;3;1;0;0;5;1;0;0;7;5;0;407316;14;1;0;2300;20;1;0;0
000038231;4205057516;15;1;1;0;16;1;0;0;17;1;2;0;18;1;2;0;19;1;2;0
000038272;4205057516;3;1;0;0;5;1;0;0;14;1;0;2300;21;4;1;0;22;4;1;10088
000038351;4205057516;1;1;2;1180;2;1;2;3;3;1;0;0;4;1;2;620;5;1;0;0;14;1;0;2300
000038391;4205057516;8;1;0;31;9;1;0;31;10;1;0;31;11;1;0;31;12;1;0;31;13;1;0;31
000038432;4205057516;3;1;0;0;5;1;0;0;7;5;0;407316;14;1;0;2300;20;1;0;0
000038552;4205057516;15;1;1;0;16;1;0;0;17;1;2;0;18;1;2;0;19;1;2;0
000038592;4205057516;3;1;0;0;5;1;0;0;14;1;0;2300;21;4;1;0;22;4;1;10088
000038672;4205057516;1;1;2;1180;2;1;2;4;3;1;0;0;4;1;2;620;5;1;0;0;14;1;0;2300
000038712;4205057516;8;1;0;31;9;1;0;31;10;1;0;31;11;1;0;31;12;1;0;31;13;1;0;31
000038752;4205057516;3;1;0;0;5;1;0;0;7;5;0;407316;14;1;0;2300;20;1;0;0
000038792;4205057516;15;1;1;0;16;1;0;0;17;1;2;0;18;1;2;0;19;1;2;0
000038872;4205057516;3;1;0;0;5;1;0;0;14;1;0;2300;21;4;1;0;22;4;1;10088
000038932;4205057516;1;1;2;1181;2;1;2;3;3;1;0;0;4;1;2;620;5;1;0;0;14;1;0;2300
000038952;4205057516;8;1;0;31;9;1;0;31;10;1;0;31;11;1;0;31;12;1;0;31;13;1;0;31
000039032;4205057516;3;1;0;0;5;1;0;0;7;5;0;407316;14;1;0;2300;20;1;0;0
000039072;4205057516;15;1;1;0;16;1;0;0;17;1;2;0;18;1;2;0;19;1;2;0
000039112;4205057516;3;1;0;0;5;1;0;0;14;1;0;2300;21;4;1;0;22;4;1;10088
000039192;4205057516;1;1;2;1180;2;1;2;4;3;1;0;0;4;1;2;620;5;1;0;0;14;1;0;2300
000039232;4205057516;8;1;0;31;9;1;0;31;10;1;0;31;11;1;0;31;12;1;0;31;13;1;0;31
000039272;4205057516;3;1;0;0;5;1;0;0;7;5;0;407316;14;1;0;2300;20;1;0;0
000039312;4205057516;15;1;1;0;16;1;0;0;17;1;2;0;18;1;2;0;19;1;2;0
000039392;4205057516;3;1;0;0;5;1;0;0;14;1;0;2300;21;4;1;0;22;4;1;10088
000039432;4205057516;1;1;2;1181;2;1;2;3;3;1;0;0;4;1;2;620;5;1;0;0;14;1;0;2300
000039472;4205057516;8;1;0;31;9;1;0;31;10;1;0;31;11;1;0;31;12;1;0;31;13;1;0;31
000039552;4205057516;3;1;0;0;5;1;0;0;7;5;0;407316;14;1;0;2300;20;1;0;0
000039592;4205057516;15;1;1;0;16;1;0;0;17;1;2;0;18;1;2;0;19;1;2;0
000039651;4205057516;3;1;0;0;5;1;0;0;14;1;0;2300;21;4;1;0;22;4;1;10088
000039711;4205057516;1;1;2;1180;2;1;2;3;3;1;0;0;4;1;2;620;5;1;0;0;14;1;0;2300
000039751;4205057516;8;1;0;31;9;1;0;31;10;1;0;31;11;1;0;31;12;1;0;31;13;1;0;31
000039791;4205057516;3;1;0;0;5;1;0;0;7;5;0;407316;14;1;0;2300;20;1;0;0
000039832;4205057516;15;1;1;0;16;1;0;0;17;1;2;0;18;1;2;0;19;1;2;0
000039912;4205057516;3;1;0;0;5;1;0;0;14;1;0;2300;21;4;1;0;22;4;1;10088
000039951;4205057516;1;1;2;1181;2;1;2;3;3;1;0;0;4;1;2;620;5;1;0;0;14;1;0;2300
000039992;4205057516;8;1;0;31;9;1;0;31;10;1;0;31;11;1;0;31;12;1;0;31;13;1;0;31
000040112;4205057516;3;1;0;0;5;1;0;0;7;5;0;407316;14;1;0;2300;20;1;0;0
000040152;4205057516;15;1;1;0;16;1;0;0;17;1;2;0;18;1;2;0;19;1;2;0
000040231;4205057516;3;1;0;0;5;1;0;0;14;1;0;2300;21;4;1;0;22;4;1;10088
000040271;4205057516;1;1;2;1180;2;1;2;3;3;1;0;0;4;1;2;620;5;1;0;0;14;1;0;2300
000040312;4205057516;8;1;0;31;9;1;0;31;10;1;0;31;11;1;0;31;12;1;0;31;13;1;0;31
000040352;4205057516;3;1;0;0;5;1;0;0;7;5;0;407316;14;1;0;2300;20;1;0;0
000040452;4205057516;15;1;1;0;16;1;0;0;17;1;2;0;18;1;2;0;19;1;2;0
000040471;4205057516;3;1;0;0;5;1;0;0;14;1;0;2300;21;4;1;1;22;4;1;10088
000040511;4205057516;1;1;2;1181;2;1;2;3;3;1;0;0;4;1;2;620;5;1;0;0;14;1;0;2300
000040592;4205057516;8;1;0;31;9;1;0;31;10;1;0;31;11;1;0;31;12;1;0;31;13;1;0;31
000040632;4205057516;3;1;0;0;5;1;0;0;7;5;0;407316;14;1;0;2300;20;1;0;0
000040672;4205057516;15;1;1;0;16;1;0;0;17;1;2;0;18;1;2;0;19;1;2;0
000040752;4205057516;3;1;0;0;5;1;0;0;14;1;0;2300;21;4;1;0;22;4;1;10088
000040791;4205057516;1;1;2;1180;2;1;2;4;3;1;0;0;4;1;2;620;5;1;0;0;14;1;0;2300
000040832;4205057516;8;1;0;31;9;1;0;31;10;1;0;31;11;1;0;31;12;1;0;31;13;1;0;31
000040871;4205057516;3;1;0;0;5;1;0;0;7;5;0;407316;14;1;0;2300;20;1;0;0
000040951;4205057516;15;1;1;0;16;1;0;0;17;1;2;0;18;1;2;0;19;1;2;0
000040992;4205057516;3;1;0;0;5;1;0;0;14;1;0;2300;21;4;1;0;22;4;1;10088
000041032;4205057516;1;1;2;1181;2;1;2;4;3;1;0;0;4;1;2;620;5;1;0;0;14;1;0;2300
000041112;4205057516;8;1;0;31;9;1;0;31;10;1;0;31;11;1;0;31;12;1;0;31;13;1;0;31
000041152;4205057516;3;1;0;0;5;1;0;0;7;5;0;407316;14;1;0;2300;20;1;0;0
000041211;4205057516;15;1;1;0;16;1;0;0;17;1;2;0;18;1;2;0;19;1;2;0
000041272;4205057516;3;1;0;0;5;1;0;0;14;1;0;2300;21;4;1;0;22;4;1;10088
000041312;4205057516;1;1;2;1180;2;1;2;4;3;1;0;0;4;1;2;620;5;1;0;0;14;1;0;2300
000041351;4205057516;8;1;0;31;9;1;0;31;10;1;0;31;11;1;0;31;12;1;0;31;13;1;0;31
000041391;4205057516;3;1;0;0;5;1;0;0;7;5;0;407316;14;1;0;2300;20;1;0;0
000041472;4205057516;15;1;1;0;16;1;0;0;17;1;2;0;18;1;2;0;19;1;2;0
000041512;4205057516;3;1;0;0;5;1;0;0;14;1;0;2300;21;4;1;0;22;4;1;10088
000041552;4205057516;1;1;2;1180;2;1;2;4;3;1;0;0;4;1;2;620;5;1;0;0;14;1;0;2300
000041672;4205057516;8;1;0;31;9;1;0;31;10;1;0;31;11;1;0;31;12;1;0;31;13;1;0;31
000041712;4205057516;3;1;0;0;5;1;0;0;7;5;0;407316;14;1;0;2300;20;1;0;0
000041792;4205057516;15;1;1;0;16;1;0;0;17;1;2;0;18;1;2;0;19;1;2;0
000041832;4205057516;3;1;0;0;5;1;0;0;14;1;0;2300;21;4;1;0;22;4;1;10088
000041872;4205057516;1;1;2;1181;2;1;2;3;3;1;0;0;4;1;2;620;5;1;0;0;14;1;0;2300
000041912;4205057516;8;1;0;31;9;1;0;31;10;1;0;31;11;1;0;31;12;1;0;31;13;1;0;31
000041991;4205057516;3;1;0;0;5;1;0;0;7;5;0;407316;14;1;0;2300;20;1;0;0
000042052;4205057516;15;1;1;0;16;1;0;0;17;1;2;0;18;1;2;0;19;1;2;0
000042072;4205057516;3;1;0;0;5;1;0;0;14;1;0;2300;21;4;1;0;22;4;1;10088
000042152;4205057516;1;1;2;1180;2;1;2;4;3;1;0;0;4;1;2;620;5;1;0;0;14;1;0;2300
000042192;4205057516;8;1;0;31;9;1;0;31;10;1;0;31;11;1;0;31;12;1;0;31;13;1;0;31
000042232;4205057516;3;1;0;0;5;1;0;0;7;5;0;407316;14;1;0;2300;20;1;0;0
000042312;4205057516;15;1;1;0;16;1;0;0;17;1;2;0;18;1;2;0;19;1;2;0
000042352;4205057516;3;1;0;0;5;1;0;0;14;1;0;2300;21;4;1;0;22;4;1;10088
000042392;4205057516;1;1;2;1180;2;1;2;4;3;1;0;0;4;1;2;620;5;1;0;0;14;1;0;2300
000042431;4205057516;8;1;0;31;9;1;0;31;10;1;0;31;11;1;0;31;12;1;0;31;13;1;0;31
000042512;4205057516;3;1;0;0;5;1;0;0;7;5;0;407316;14;1;0;2300;20;1;0;0
000042552;4205057516;15;1;1;0;16;1;0;0;17;1;2;0;18;1;2;0;19;1;2;0
000042592;4205057516;3;1;0;0;5;1;0;0;14;1;0;2300;21;4;1;1;22;4;1;10088
000042672;4205057516;1;1;2;1180;2;1;2;4;3;1;0;0;4;1;2;620;5;1;0;0;14;1;0;2300
000042711;4205057516;8;1;0;31;9;1;0;31;10;1;0;31;11;1;0;31;12;1;0;31;13;1;0;31
000042752;4205057516;3;1;0;0;5;1;0;0;7;5;0;407316;14;1;0;2300;20;1;0;0
000042832;4205057516;15;1;1;0;16;1;0;0;17;1;2;0;18;1;2;0;19;1;2;0
000042872;4205057516;3;1;0;0;5;1;0;0;14;1;0;2300;21;4;1;0;22;4;1;10088
000042912;4205057516;1;1;2;1181;2;1;2;4;3;1;0;0;4;1;2;620;5;1;0;0;14;1;0;2300
000042951;4205057516;8;1;0;31;9;1;0;31;10;1;0;31;11;1;0;31;12;1;0;31;13;1;0;31
000043031;4205057516;3;1;0;0;5;1;0;0;7;5;0;407316;14;1;0;2300;20;1;0;0
000043071;4205057516;15;1;1;0;16;1;0;0;17;1;2;0;18;1;2;0;19;1;2;0
000043111;4205057516;3;1;0;0;5;1;0;0;14;1;0;2300;21;4;1;1;22;4;1;10088
000043232;4205057516;1;1;2;1180;2;1;2;4;3;1;0;0;4;1;2;620;5;1;0;0;14;1;0;2300
000043272;4205057516;8;1;0;31;9;1;0;31;10;1;0;31;11;1;0;31;12;1;0;31;13;1;0;31
000043352;4205057516;3;1;0;0;5;1;0;0;7;5;0;407316;14;1;0;2300;20;1;0;0
000043391;4205057516;15;1;1;0;16;1;0;0;17;1;2;0;18;1;2;0;19;1;2;0
000043432;4205057516;3;1;0;0;5;1;0;0;14;1;0;2300;21;4;1;0;22;4;1;10088
000043491;4205057516;1;1;2;1181;2;1;2;4;3;1;0;0;4;1;2;620;5;1;0;0;14;1;0;2300
000043552;4205057516;8;1;0;31;9;1;0;31;10;1;0;31;11;1;0;31;12;1;0;31;13;1;0;31
000043592;4205057516;3;1;0;0;5;1;0;0;7;5;0;407316;14;1;0;2300;20;1;0;0
000043632;4205057516;15;1;1;0;16;1;0;0;17;1;2;0;18;1;2;0;19;1;2;0
000043712;4205057516;3;1;0;0;5;1;0;0;14;1;0;2300;21;4;1;0;22;4;1;10088
000043751;4205057516;1;1;2;1181;2;1;2;3;3;1;0;0;4;1;2;620;5;1;0;0;14;1;0;2300
000043792;4205057516;8;1;0;31;9;1;0;31;10;1;0;31;11;1;0;31;12;1;0;31;13;1;0;31
000043872;4205057516;3;1;0;0;5;1;0;0;7;5;0;407316;14;1;0;2300;20;1;0;0
000043911;4205057516;15;1;1;0;16;1;0;0;17;1;2;0;18;1;2;0;19;1;2;0
000043952;4205057516;3;1;0;0;5;1;0;0;14;1;0;2300;21;4;1;1;22;4;1;10088
000043992;4205057516;1;1;2;1180;2;1;2;3;3;1;0;0;4;1;2;620;5;1;0;0;14;1;0;2300
000044072;4205057516;8;1;0;31;9;1;0;31;10;1;0;31;11;1;0;31;12;1;0;31;13;1;0;31
000044112;4205057516;3;1;0;0;5;1;0;0;7;5;0;407316;14;1;0;2300;20;1;0;0
000044152;4205057516;15;1;1;0;16;1;0;0;17;1;2;0;18;1;2;0;19;1;2;0
000044231;4205057516;3;1;0;0;5;1;0;0;14;1;0;2300;21;4;1;0;22;4;1;10088
000044272;4205057516;1;1;2;1180;2;1;2;4;3;1;0;0;4;1;2;620;5;1;0;0;14;1;0;2300
000044332;4205057516;8;1;0;31;9;1;0;31;10;1;0;31;11;1;0;31;12;1;0;31;13;1;0;31
000044392;4205057516;3;1;0;0;5;1;0;0;7;5;0;407316;14;1;0;2300;20;1;0;0
000044432;4205057516;15;1;1;0;16;1;0;0;17;1;2;0;18;1;2;0;19;1;2;0
000044472;4205057516;3;1;0;0;5;1;0;0;14;1;0;2300;21;4;1;1;22;4;1;10088
000044512;4205057516;1;1;2;1181;2;1;2;4;3;1;0;0;4;1;2;620;5;1;0;0;14;1;0;2300
000044592;4205057516;8;1;0;31;9;1;0;31;10;1;0;31;11;1;0;31;12;1;0;31;13;1;0;31
000044632;4205057516;3;1;0;0;5;1;0;0;7;5;0;407316;14;1;0;2300;20;1;0;0
000044672;4205057516;15;1;1;0;16;1;0;0;17;1;2;0;18;1;2;0;19;1;2;0
000044792;4205057516;3;1;0;0;5;1;0;0;14;1;0;2300;21;4;1;1;22;4;1;10088
000044832;4205057516;1;1;2;1181;2;1;2;4;3;1;0;0;4;1;2;620;5;1;0;0;14;1;0;2300
000044912;4205057516;8;1;0;31;9;1;0;31;10;1;0;31;11;1;0;31;12;1;0;31;13;1;0;31
000044951;4205057516;3;1;0;0;5;1;0;0;7;5;0;407316;14;1;0;2300;20;1;0;0
000044992;4205057516;15;1;1;0;16;1;0;0;17;1;2;0;18;1;2;0;19;1;2;0
000045032;4205057516;3;1;0;0;5;1;0;0;14;1;0;2300;21;4;1;1;22;4;1;10088
000045112;4205057516;1;1;2;1181;2;1;2;4;3;1;0;0;4;1;2;620;5;1;0;0;14;1;0;2300
000045152;4205057516;8;1;0;31;9;1;0;31;10;1;0;31;11;1;0;31;12;1;0;31;13;1;0;31
000045192;4205057516;3;1;0;0;5;1;0;0;7;5;0;407316;14;1;0;2300;20;1;0;0
000045271;4205057516;15;1;1;0;16;1;0;0;17;1;2;0;18;1;2;0;19;1;2;0
000045312;4205057516;3;1;0;0;5;1;0;0;14;1;0;2300;21;4;1;1;22;4;1;10088
000045352;4205057516;1;1;2;1181;2;1;2;4;3;1;0;0;4;1;2;620;5;1;0;0;14;1;0;2300
000045432;4205057516;8;1;0;31;9;1;0;31;10;1;0;31;11;1;0;31;12;1;0;31;13;1;0;31
000045471;4205057516;3;1;0;0;5;1;0;0;7;5;0;407316;14;1;0;2300;20;1;0;0
000045511;4205057516;15;1;1;0;16;1;0;0;17;1;2;0;18;1;2;0;19;1;2;0
000045552;4205057516;3;1;0;0;5;1;0;0;14;1;0;2300;21;4;1;0;22;4;1;10089
000045632;4205057516;1;1;2;1181;2;1;2;4;3;1;0;0;4;1;2;620;5;1;0;0;14;1;0;2300
000045671;4205057516;8;1;0;31;9;1;0;31;10;1;0;31;11;1;0;31;12;1;0;31;13;1;0;31
000045711;4205057516;3;1;0;0;5;1;0;0;7;5;0;407316;14;1;0;2300;20;1;0;0
000045772;4205057516;15;1;1;0;16;1;0;0;17;1;2;0;18;1;2;0;19;1;2;0
000045832;4205057516;3;1;0;0;5;1;0;0;14;1;0;2300;21;4;1;1;22;4;1;10088
000045872;4205057516;1;1;2;1181;2;1;2;3;3;1;0;0;4;1;2;620;5;1;0;0;14;1;0;2300
000045952;4205057516;8;1;0;31;9;1;0;31;10;1;0;31;11;1;0;31;12;1;0;31;13;1;0;31
000045992;4205057516;3;1;0;0;5;1;0;0;7;5;0;407316;14;1;0;2300;20;1;0;0
000046031;4205057516;15;1;1;0;16;1;0;0;17;1;2;0;18;1;2;0;19;1;2;0
000046072;4205057516;3;1;0;0;5;1;0;0;14;1;0;2300;21;4;1;1;22;4;1;10088
000046152;4205057516;1;1;2;1181;2;1;2;5;3;1;0;0;4;1;2;620;5;1;0;0;14;1;0;2300
000046192;4205057516;8;1;0;31;9;1;0;31;10;1;0;31;11;1;0;31;12;1;0;31;13;1;0;31
000046232;4205057516;3;1;0;0;5;1;0;0;7;5;0;407316;14;1;0;2300;20;1;0;0
000046351;4205057516;15;1;1;0;16;1;0;0;17;1;2;0;18;1;2;0;19;1;2;0
000046392;4205057516;3;1;0;0;5;1;0;0;14;1;0;2300;21;4;1;0;22;4;1;10089
000046471;4205057516;1;1;2;1181;2;1;2;3;3;1;0;0;4;1;2;620;5;1;0;0;14;1;0;2300
000046512;4205057516;8;1;0;31;9;1;0;31;10;1;0;31;11;1;0;31;12;1;0;31;13;1;0;31
000046552;4205057516;3;1;0;0;5;1;0;0;7;5;0;407316;14;1;0;2300;20;1;0;0
000046611;4205057516;15;1;1;0;16;1;0;0;17;1;2;0;18;1;2;0;19;1;2;0
000046671;4205057516;3;1;0;0;5;1;0;0;14;1;0;2300;21;4;1;0;22;4;1;10088
000046712;4205057516;1;1;2;1181;2;1;2;3;3;1;0;0;4;1;2;620;5;1;0;0;14;1;0;2300
000046751;4205057516;8;1;0;31;9;1;0;31;10;1;0;31;11;1;0;31;12;1;0;31;13;1;0;31
